Using pre-set license
Built from '2020.2/release' branch; Version is '2020.2.4f1 (becced5a802b) revision 12504301'; Using compiler version '192528614'; Build Type 'Release'
OS: 'Windows 10 Pro; OS build 19041.867; Version 2004; 64bit' Language: 'fr' Physical Memory: 16333 MB
BatchMode: 1, IsHumanControllingUs: 0, StartBugReporterOnCrash: 0, Is64bit: 1, IsPro: 0

 COMMAND LINE ARGUMENTS:
C:\Program Files\Unity\Hub\Editor\2020.2.4f1\Editor\Unity.exe
-adb2
-batchMode
-noUpm
-name
AssetImportWorker0
-projectPath
C:/Users/Arnaud/Documents/GitHub/Battleship3D
-logFile
Logs/AssetImportWorker0.log
-srvPort
63802
Successfully changed project path to: C:/Users/Arnaud/Documents/GitHub/Battleship3D
C:/Users/Arnaud/Documents/GitHub/Battleship3D
Using Asset Import Pipeline V2.
Refreshing native plugins compatible for Editor in 32.63 ms, found 0 plugins.
Preloading 0 native plugins for Editor in 0.00 ms.
Initialize engine version: 2020.2.4f1 (becced5a802b)
[Subsystems] Discovering subsystems at path C:/Program Files/Unity/Hub/Editor/2020.2.4f1/Editor/Data/Resources/UnitySubsystems
[Subsystems] Discovering subsystems at path C:/Users/Arnaud/Documents/GitHub/Battleship3D/Assets
GfxDevice: creating device client; threaded=0
Direct3D:
    Version:  Direct3D 11.0 [level 11.1]
    Renderer: NVIDIA GeForce GTX 1660 Ti (ID=0x2182)
    Vendor:   
    VRAM:     5991 MB
    Driver:   27.21.14.5751
Initialize mono
Mono path[0] = 'C:/Program Files/Unity/Hub/Editor/2020.2.4f1/Editor/Data/Managed'
Mono path[1] = 'C:/Program Files/Unity/Hub/Editor/2020.2.4f1/Editor/Data/MonoBleedingEdge/lib/mono/unityjit'
Mono config path = 'C:/Program Files/Unity/Hub/Editor/2020.2.4f1/Editor/Data/MonoBleedingEdge/etc'
Using monoOptions --debugger-agent=transport=dt_socket,embedding=1,server=y,suspend=n,address=127.0.0.1:56184
Begin MonoManager ReloadAssembly
Registering precompiled unity dll's ...
Register platform support module: C:/Program Files/Unity/Hub/Editor/2020.2.4f1/Editor/Data/PlaybackEngines/WindowsStandaloneSupport/UnityEditor.WindowsStandalone.Extensions.dll
Registered in 0.005579 seconds.
Native extension for WindowsStandalone target not found
Refreshing native plugins compatible for Editor in 31.92 ms, found 0 plugins.
Preloading 0 native plugins for Editor in 0.00 ms.
Invoked RoslynAnalysisRunner static constructor.
RoslynAnalysisRunner will not be running.
RoslynAnalysisRunner has terminated.
Mono: successfully reloaded assembly
- Completed reload, in  1.714 seconds
Platform modules already initialized, skipping
Registering precompiled user dll's ...
Registered in 0.002222 seconds.
Begin MonoManager ReloadAssembly
Native extension for WindowsStandalone target not found
Refreshing native plugins compatible for Editor in 0.36 ms, found 0 plugins.
Preloading 0 native plugins for Editor in 0.00 ms.
Invoked RoslynAnalysisRunner static constructor.
RoslynAnalysisRunner will not be running.
RoslynAnalysisRunner has terminated.
Mono: successfully reloaded assembly
- Completed reload, in  1.150 seconds
Platform modules already initialized, skipping
========================================================================
Worker process is ready to serve import requests
Launched and connected shader compiler UnityShaderCompiler.exe after 0.06 seconds
Refreshing native plugins compatible for Editor in 0.23 ms, found 0 plugins.
Preloading 0 native plugins for Editor in 0.00 ms.
Unloading 1118 Unused Serialized files (Serialized files now loaded: 0)
System memory in use before: 60.3 MB.
System memory in use after: 60.4 MB.

Unloading 10 unused Assets to reduce memory usage. Loaded Objects now: 1563.
Total: 3.201700 ms (FindLiveObjects: 0.904900 ms CreateObjectMapping: 0.126000 ms MarkObjects: 2.008200 ms  DeleteObjects: 0.160600 ms)

========================================================================
Received Import Request.
  path: Assets/SubmarineManager.cs
  artifactKey: Guid(8a8567ad84d10dc4c9cd32f50f014c53) Importer(815301076,1909f56bfc062723c751e8b465ee728b)
Start importing Assets/SubmarineManager.cs using Guid(8a8567ad84d10dc4c9cd32f50f014c53) Importer(815301076,1909f56bfc062723c751e8b465ee728b)  -> (artifact id: 'a571c807af1e4776d269f87d429734b0') in 0.073537 seconds
  Import took 0.076227 seconds .

========================================================================
Received Prepare
Refreshing native plugins compatible for Editor in 1.79 ms, found 0 plugins.
Preloading 0 native plugins for Editor in 0.00 ms.
Unloading 4 Unused Serialized files (Serialized files now loaded: 0)
System memory in use before: 36.8 MB.
System memory in use after: 36.8 MB.

Unloading 3 unused Assets to reduce memory usage. Loaded Objects now: 1563.
Total: 2.036500 ms (FindLiveObjects: 0.340100 ms CreateObjectMapping: 0.094400 ms MarkObjects: 1.536300 ms  DeleteObjects: 0.063900 ms)

========================================================================
Received Prepare
Registering precompiled user dll's ...
Registered in 0.002071 seconds.
Begin MonoManager ReloadAssembly
Native extension for WindowsStandalone target not found
Refreshing native plugins compatible for Editor in 0.23 ms, found 0 plugins.
Preloading 0 native plugins for Editor in 0.00 ms.
Invoked RoslynAnalysisRunner static constructor.
RoslynAnalysisRunner will not be running.
RoslynAnalysisRunner has terminated.
Mono: successfully reloaded assembly
- Completed reload, in  1.047 seconds
Platform modules already initialized, skipping
Refreshing native plugins compatible for Editor in 0.29 ms, found 0 plugins.
Preloading 0 native plugins for Editor in 0.00 ms.
Unloading 1088 Unused Serialized files (Serialized files now loaded: 0)
System memory in use before: 58.4 MB.
System memory in use after: 58.5 MB.

Unloading 5 unused Assets to reduce memory usage. Loaded Objects now: 1565.
Total: 2.214100 ms (FindLiveObjects: 0.163100 ms CreateObjectMapping: 0.101800 ms MarkObjects: 1.869600 ms  DeleteObjects: 0.078100 ms)

========================================================================
Received Import Request.
  Time since last request: 13.738919 seconds.
  path: Assets/Scripts/GameManager.cs
  artifactKey: Guid(a98e4bea390538845a39ec4ab5302ed0) Importer(815301076,1909f56bfc062723c751e8b465ee728b)
Start importing Assets/Scripts/GameManager.cs using Guid(a98e4bea390538845a39ec4ab5302ed0) Importer(815301076,1909f56bfc062723c751e8b465ee728b)  -> (artifact id: 'bbfd3bf9326d2c0fb2f420d11631235a') in 0.007422 seconds
  Import took 0.010047 seconds .

========================================================================
Received Import Request.
  Time since last request: 0.039877 seconds.
  path: Assets/Scripts/GameManager.cs
  artifactKey: Guid(a98e4bea390538845a39ec4ab5302ed0) Importer(815301076,1909f56bfc062723c751e8b465ee728b)
Start importing Assets/Scripts/GameManager.cs using Guid(a98e4bea390538845a39ec4ab5302ed0) Importer(815301076,1909f56bfc062723c751e8b465ee728b)  -> (artifact id: 'bbfd3bf9326d2c0fb2f420d11631235a') in 0.004378 seconds
  Import took 0.006926 seconds .

========================================================================
Received Prepare
Registering precompiled user dll's ...
Registered in 0.001956 seconds.
Begin MonoManager ReloadAssembly
Native extension for WindowsStandalone target not found
Refreshing native plugins compatible for Editor in 0.24 ms, found 0 plugins.
Preloading 0 native plugins for Editor in 0.00 ms.
Invoked RoslynAnalysisRunner static constructor.
RoslynAnalysisRunner will not be running.
RoslynAnalysisRunner has terminated.
Mono: successfully reloaded assembly
- Completed reload, in  2.624 seconds
Platform modules already initialized, skipping
Refreshing native plugins compatible for Editor in 0.28 ms, found 0 plugins.
Preloading 0 native plugins for Editor in 0.00 ms.
Unloading 1088 Unused Serialized files (Serialized files now loaded: 0)
System memory in use before: 58.4 MB.
System memory in use after: 58.5 MB.

Unloading 5 unused Assets to reduce memory usage. Loaded Objects now: 1567.
Total: 10.983500 ms (FindLiveObjects: 0.188200 ms CreateObjectMapping: 0.052400 ms MarkObjects: 10.665600 ms  DeleteObjects: 0.075600 ms)

========================================================================
Received Prepare
Registering precompiled user dll's ...
Registered in 0.003453 seconds.
Begin MonoManager ReloadAssembly
Native extension for WindowsStandalone target not found
Refreshing native plugins compatible for Editor in 0.29 ms, found 0 plugins.
Preloading 0 native plugins for Editor in 0.00 ms.
Invoked RoslynAnalysisRunner static constructor.
RoslynAnalysisRunner will not be running.
RoslynAnalysisRunner has terminated.
Mono: successfully reloaded assembly
- Completed reload, in  2.072 seconds
Platform modules already initialized, skipping
Refreshing native plugins compatible for Editor in 0.85 ms, found 0 plugins.
Preloading 0 native plugins for Editor in 0.00 ms.
Unloading 1088 Unused Serialized files (Serialized files now loaded: 0)
System memory in use before: 58.5 MB.
System memory in use after: 58.5 MB.

Unloading 5 unused Assets to reduce memory usage. Loaded Objects now: 1569.
Total: 2.770500 ms (FindLiveObjects: 0.253600 ms CreateObjectMapping: 0.107600 ms MarkObjects: 2.337100 ms  DeleteObjects: 0.069600 ms)

========================================================================
Received Prepare
Registering precompiled user dll's ...
Registered in 0.002017 seconds.
Begin MonoManager ReloadAssembly
Native extension for WindowsStandalone target not found
Refreshing native plugins compatible for Editor in 0.26 ms, found 0 plugins.
Preloading 0 native plugins for Editor in 0.00 ms.
Invoked RoslynAnalysisRunner static constructor.
RoslynAnalysisRunner will not be running.
RoslynAnalysisRunner has terminated.
Mono: successfully reloaded assembly
- Completed reload, in  1.123 seconds
Platform modules already initialized, skipping
Refreshing native plugins compatible for Editor in 0.77 ms, found 0 plugins.
Preloading 0 native plugins for Editor in 0.00 ms.
Unloading 1088 Unused Serialized files (Serialized files now loaded: 0)
System memory in use before: 58.5 MB.
System memory in use after: 58.5 MB.

Unloading 5 unused Assets to reduce memory usage. Loaded Objects now: 1571.
Total: 2.194400 ms (FindLiveObjects: 0.209400 ms CreateObjectMapping: 0.105200 ms MarkObjects: 1.804400 ms  DeleteObjects: 0.072800 ms)

========================================================================
Received Import Request.
  Time since last request: 489.059237 seconds.
  path: Assets/Scripts/GameManager.cs
  artifactKey: Guid(a98e4bea390538845a39ec4ab5302ed0) Importer(815301076,1909f56bfc062723c751e8b465ee728b)
Start importing Assets/Scripts/GameManager.cs using Guid(a98e4bea390538845a39ec4ab5302ed0) Importer(815301076,1909f56bfc062723c751e8b465ee728b)  -> (artifact id: 'e4d748203a29175943c20eafe13aac5f') in 0.008628 seconds
  Import took 0.011212 seconds .

========================================================================
Received Import Request.
  Time since last request: 0.033756 seconds.
  path: Assets/Scripts/GameManager.cs
  artifactKey: Guid(a98e4bea390538845a39ec4ab5302ed0) Importer(815301076,1909f56bfc062723c751e8b465ee728b)
Start importing Assets/Scripts/GameManager.cs using Guid(a98e4bea390538845a39ec4ab5302ed0) Importer(815301076,1909f56bfc062723c751e8b465ee728b)  -> (artifact id: 'e4d748203a29175943c20eafe13aac5f') in 0.005145 seconds
  Import took 0.008932 seconds .

========================================================================
Received Prepare
Registering precompiled user dll's ...
Registered in 0.002208 seconds.
Begin MonoManager ReloadAssembly
Native extension for WindowsStandalone target not found
Refreshing native plugins compatible for Editor in 0.23 ms, found 0 plugins.
Preloading 0 native plugins for Editor in 0.00 ms.
Invoked RoslynAnalysisRunner static constructor.
RoslynAnalysisRunner will not be running.
RoslynAnalysisRunner has terminated.
Mono: successfully reloaded assembly
- Completed reload, in  1.047 seconds
Platform modules already initialized, skipping
Refreshing native plugins compatible for Editor in 0.28 ms, found 0 plugins.
Preloading 0 native plugins for Editor in 0.00 ms.
Unloading 1088 Unused Serialized files (Serialized files now loaded: 0)
System memory in use before: 58.5 MB.
System memory in use after: 58.5 MB.

Unloading 5 unused Assets to reduce memory usage. Loaded Objects now: 1573.
Total: 1.892500 ms (FindLiveObjects: 0.177400 ms CreateObjectMapping: 0.081800 ms MarkObjects: 1.563200 ms  DeleteObjects: 0.068400 ms)

========================================================================
Received Import Request.
  Time since last request: 554.720614 seconds.
  path: Assets/Scripts/GameManager.cs
  artifactKey: Guid(a98e4bea390538845a39ec4ab5302ed0) Importer(815301076,1909f56bfc062723c751e8b465ee728b)
Start importing Assets/Scripts/GameManager.cs using Guid(a98e4bea390538845a39ec4ab5302ed0) Importer(815301076,1909f56bfc062723c751e8b465ee728b)  -> (artifact id: 'e807c329a0532dbf807206b25dd43632') in 0.006183 seconds
  Import took 0.008358 seconds .

========================================================================
Received Import Request.
  Time since last request: 6.317105 seconds.
  path: Assets/Scripts/AircraftCarrierManager.cs
  artifactKey: Guid(d86ae6886fa1cbb48b511cd90c6c02c5) Importer(815301076,1909f56bfc062723c751e8b465ee728b)
Start importing Assets/Scripts/AircraftCarrierManager.cs using Guid(d86ae6886fa1cbb48b511cd90c6c02c5) Importer(815301076,1909f56bfc062723c751e8b465ee728b)  -> (artifact id: '4d0b38da02c1301609c7d0ea6ec7f8ed') in 0.005516 seconds
  Import took 0.007783 seconds .

========================================================================
Received Prepare
Refreshing native plugins compatible for Editor in 11.65 ms, found 0 plugins.
Preloading 0 native plugins for Editor in 0.00 ms.
Unloading 4 Unused Serialized files (Serialized files now loaded: 0)
System memory in use before: 37.0 MB.
System memory in use after: 37.1 MB.

Unloading 3 unused Assets to reduce memory usage. Loaded Objects now: 1573.
Total: 1.988300 ms (FindLiveObjects: 0.190800 ms CreateObjectMapping: 0.053300 ms MarkObjects: 1.670200 ms  DeleteObjects: 0.071500 ms)

AssetImportWorkerClient::OnTransportError - code=2 error=End of file
