Using pre-set license
Built from '2020.2/release' branch; Version is '2020.2.4f1 (becced5a802b) revision 12504301'; Using compiler version '192528614'; Build Type 'Release'
OS: 'Windows 10 Pro; OS build 19041.804; Version 2004; 64bit' Language: 'fr' Physical Memory: 16333 MB
BatchMode: 1, IsHumanControllingUs: 0, StartBugReporterOnCrash: 0, Is64bit: 1, IsPro: 0

 COMMAND LINE ARGUMENTS:
C:\Program Files\Unity\Hub\Editor\2020.2.4f1\Editor\Unity.exe
-adb2
-batchMode
-noUpm
-name
AssetImportWorker0
-projectPath
C:/Users/Arnaud/Documents/GitHub/Battleship
-logFile
Logs/AssetImportWorker0.log
-srvPort
55241
Successfully changed project path to: C:/Users/Arnaud/Documents/GitHub/Battleship
C:/Users/Arnaud/Documents/GitHub/Battleship
Using Asset Import Pipeline V2.
Refreshing native plugins compatible for Editor in 55.03 ms, found 1 plugins.
Preloading 0 native plugins for Editor in 0.00 ms.
Initialize engine version: 2020.2.4f1 (becced5a802b)
[Subsystems] Discovering subsystems at path C:/Program Files/Unity/Hub/Editor/2020.2.4f1/Editor/Data/Resources/UnitySubsystems
[Subsystems] Discovering subsystems at path C:/Users/Arnaud/Documents/GitHub/Battleship/Assets
GfxDevice: creating device client; threaded=0
Direct3D:
    Version:  Direct3D 11.0 [level 11.1]
    Renderer: NVIDIA GeForce GTX 1660 Ti (ID=0x2182)
    Vendor:   
    VRAM:     5991 MB
    Driver:   27.21.14.5751
Initialize mono
Mono path[0] = 'C:/Program Files/Unity/Hub/Editor/2020.2.4f1/Editor/Data/Managed'
Mono path[1] = 'C:/Program Files/Unity/Hub/Editor/2020.2.4f1/Editor/Data/MonoBleedingEdge/lib/mono/unityjit'
Mono config path = 'C:/Program Files/Unity/Hub/Editor/2020.2.4f1/Editor/Data/MonoBleedingEdge/etc'
Using monoOptions --debugger-agent=transport=dt_socket,embedding=1,server=y,suspend=n,address=127.0.0.1:56148
Begin MonoManager ReloadAssembly
Registering precompiled unity dll's ...
Register platform support module: C:/Program Files/Unity/Hub/Editor/2020.2.4f1/Editor/Data/PlaybackEngines/WindowsStandaloneSupport/UnityEditor.WindowsStandalone.Extensions.dll
Registered in 0.008011 seconds.
Native extension for WindowsStandalone target not found
Refreshing native plugins compatible for Editor in 48.15 ms, found 1 plugins.
Preloading 0 native plugins for Editor in 0.00 ms.
Invoked RoslynAnalysisRunner static constructor.
RoslynAnalysisRunner will not be running.
RoslynAnalysisRunner has terminated.
Mono: successfully reloaded assembly
- Completed reload, in  1.965 seconds
Platform modules already initialized, skipping
Registering precompiled user dll's ...
Registered in 0.006343 seconds.
Begin MonoManager ReloadAssembly
Native extension for WindowsStandalone target not found
Refreshing native plugins compatible for Editor in 49.73 ms, found 1 plugins.
Preloading 0 native plugins for Editor in 0.00 ms.
Invoked RoslynAnalysisRunner static constructor.
RoslynAnalysisRunner will not be running.
RoslynAnalysisRunner has terminated.
Mono: successfully reloaded assembly
- Completed reload, in  1.498 seconds
Platform modules already initialized, skipping
========================================================================
Worker process is ready to serve import requests
Launched and connected shader compiler UnityShaderCompiler.exe after 0.07 seconds
Refreshing native plugins compatible for Editor in 0.42 ms, found 1 plugins.
Preloading 0 native plugins for Editor in 0.00 ms.
Unloading 1810 Unused Serialized files (Serialized files now loaded: 0)
System memory in use before: 86.2 MB.
System memory in use after: 86.3 MB.

Unloading 19 unused Assets to reduce memory usage. Loaded Objects now: 2258.
Total: 2.657900 ms (FindLiveObjects: 0.267800 ms CreateObjectMapping: 0.212700 ms MarkObjects: 2.096300 ms  DeleteObjects: 0.079700 ms)

========================================================================
Received Import Request.
  path: Assets/New Palette.prefab
  artifactKey: Guid(aa4cf150e40c55e40b636ec5b7144169) Importer(815301076,1909f56bfc062723c751e8b465ee728b)
Start importing Assets/New Palette.prefab using Guid(aa4cf150e40c55e40b636ec5b7144169) Importer(815301076,1909f56bfc062723c751e8b465ee728b)  -> (artifact id: '67e293ff7c2358ec7a0d4a19e2d10025') in 0.077032 seconds
  Import took 0.080705 seconds .

========================================================================
Received Prepare
Registering precompiled user dll's ...
Registered in 0.007270 seconds.
Begin MonoManager ReloadAssembly
Native extension for WindowsStandalone target not found
Refreshing native plugins compatible for Editor in 0.39 ms, found 1 plugins.
Preloading 0 native plugins for Editor in 0.00 ms.
Invoked RoslynAnalysisRunner static constructor.
RoslynAnalysisRunner will not be running.
RoslynAnalysisRunner has terminated.
Mono: successfully reloaded assembly
- Completed reload, in  1.502 seconds
Platform modules already initialized, skipping
Refreshing native plugins compatible for Editor in 0.41 ms, found 1 plugins.
Preloading 0 native plugins for Editor in 0.00 ms.
Unloading 1787 Unused Serialized files (Serialized files now loaded: 0)
System memory in use before: 84.8 MB.
System memory in use after: 84.9 MB.

Unloading 7 unused Assets to reduce memory usage. Loaded Objects now: 2261.
Total: 2.357800 ms (FindLiveObjects: 0.250400 ms CreateObjectMapping: 0.154200 ms MarkObjects: 1.934600 ms  DeleteObjects: 0.017100 ms)

========================================================================
Received Import Request.
  Time since last request: 374.921348 seconds.
  path: Assets/Prefabs/TileUI.prefab
  artifactKey: Guid(6ffec578cb36bfd4496ee6538fd19ed7) Importer(815301076,1909f56bfc062723c751e8b465ee728b)
Start importing Assets/Prefabs/TileUI.prefab using Guid(6ffec578cb36bfd4496ee6538fd19ed7) Importer(815301076,1909f56bfc062723c751e8b465ee728b)  -> (artifact id: '53e9c1251e6615bb576af57afc892690') in 0.056705 seconds
  Import took 0.060340 seconds .

========================================================================
Received Prepare
Registering precompiled user dll's ...
Registered in 0.006139 seconds.
Begin MonoManager ReloadAssembly
Native extension for WindowsStandalone target not found
Refreshing native plugins compatible for Editor in 0.39 ms, found 1 plugins.
Preloading 0 native plugins for Editor in 0.00 ms.
Invoked RoslynAnalysisRunner static constructor.
RoslynAnalysisRunner will not be running.
RoslynAnalysisRunner has terminated.
Mono: successfully reloaded assembly
- Completed reload, in  1.368 seconds
Platform modules already initialized, skipping
Refreshing native plugins compatible for Editor in 0.40 ms, found 1 plugins.
Preloading 0 native plugins for Editor in 0.00 ms.
Unloading 1787 Unused Serialized files (Serialized files now loaded: 0)
System memory in use before: 84.8 MB.
System memory in use after: 84.9 MB.

Unloading 7 unused Assets to reduce memory usage. Loaded Objects now: 2264.
Total: 2.464000 ms (FindLiveObjects: 0.294900 ms CreateObjectMapping: 0.132300 ms MarkObjects: 2.019200 ms  DeleteObjects: 0.016200 ms)

========================================================================
Received Import Request.
  Time since last request: 389.661288 seconds.
  path: Assets/Scripts/Tile.cs
  artifactKey: Guid(d641254a34b02f6469d9e2a7fe335b2f) Importer(815301076,1909f56bfc062723c751e8b465ee728b)
Start importing Assets/Scripts/Tile.cs using Guid(d641254a34b02f6469d9e2a7fe335b2f) Importer(815301076,1909f56bfc062723c751e8b465ee728b)  -> (artifact id: '539d074c0de0ff2a31294b127084e477') in 0.028992 seconds
  Import took 0.032389 seconds .

========================================================================
Received Import Request.
  Time since last request: 20.196517 seconds.
  path: Assets/Scripts/BoardManager.cs
  artifactKey: Guid(34212778d8cf6da458b980f79707e911) Importer(815301076,1909f56bfc062723c751e8b465ee728b)
Start importing Assets/Scripts/BoardManager.cs using Guid(34212778d8cf6da458b980f79707e911) Importer(815301076,1909f56bfc062723c751e8b465ee728b)  -> (artifact id: '21569cb048cf036a993686b36aee30ea') in 0.008592 seconds
  Import took 0.012897 seconds .

========================================================================
Received Import Request.
  Time since last request: 0.027883 seconds.
  path: Assets/Scripts/BoardManager.cs
  artifactKey: Guid(34212778d8cf6da458b980f79707e911) Importer(815301076,1909f56bfc062723c751e8b465ee728b)
Start importing Assets/Scripts/BoardManager.cs using Guid(34212778d8cf6da458b980f79707e911) Importer(815301076,1909f56bfc062723c751e8b465ee728b)  -> (artifact id: '21569cb048cf036a993686b36aee30ea') in 0.008756 seconds
  Import took 0.012471 seconds .

========================================================================
Received Prepare
Registering precompiled user dll's ...
Registered in 0.008044 seconds.
Begin MonoManager ReloadAssembly
Native extension for WindowsStandalone target not found
Refreshing native plugins compatible for Editor in 0.39 ms, found 1 plugins.
Preloading 0 native plugins for Editor in 0.00 ms.
Invoked RoslynAnalysisRunner static constructor.
RoslynAnalysisRunner will not be running.
RoslynAnalysisRunner has terminated.
Mono: successfully reloaded assembly
- Completed reload, in  1.416 seconds
Platform modules already initialized, skipping
Refreshing native plugins compatible for Editor in 0.40 ms, found 1 plugins.
Preloading 0 native plugins for Editor in 0.00 ms.
Unloading 1787 Unused Serialized files (Serialized files now loaded: 0)
System memory in use before: 84.9 MB.
System memory in use after: 85.0 MB.

Unloading 7 unused Assets to reduce memory usage. Loaded Objects now: 2267.
Total: 2.603300 ms (FindLiveObjects: 0.275000 ms CreateObjectMapping: 0.169500 ms MarkObjects: 2.138800 ms  DeleteObjects: 0.017900 ms)

========================================================================
Received Prepare
Registering precompiled user dll's ...
Registered in 0.007984 seconds.
Begin MonoManager ReloadAssembly
Native extension for WindowsStandalone target not found
Refreshing native plugins compatible for Editor in 0.38 ms, found 1 plugins.
Preloading 0 native plugins for Editor in 0.00 ms.
Invoked RoslynAnalysisRunner static constructor.
RoslynAnalysisRunner will not be running.
RoslynAnalysisRunner has terminated.
Mono: successfully reloaded assembly
- Completed reload, in  1.535 seconds
Platform modules already initialized, skipping
Refreshing native plugins compatible for Editor in 0.43 ms, found 1 plugins.
Preloading 0 native plugins for Editor in 0.00 ms.
Unloading 1787 Unused Serialized files (Serialized files now loaded: 0)
System memory in use before: 84.9 MB.
System memory in use after: 85.0 MB.

Unloading 7 unused Assets to reduce memory usage. Loaded Objects now: 2270.
Total: 2.147100 ms (FindLiveObjects: 0.202000 ms CreateObjectMapping: 0.089000 ms MarkObjects: 1.838100 ms  DeleteObjects: 0.016200 ms)

========================================================================
Received Import Request.
  Time since last request: 315.042276 seconds.
  path: Assets/Prefabs/AircraftCarrier Variant.prefab
  artifactKey: Guid(f66d2ff92c27a5d41a3c698ac8840b46) Importer(815301076,1909f56bfc062723c751e8b465ee728b)
Start importing Assets/Prefabs/AircraftCarrier Variant.prefab using Guid(f66d2ff92c27a5d41a3c698ac8840b46) Importer(815301076,1909f56bfc062723c751e8b465ee728b)  -> (artifact id: '934981ce37398bc3d1fa299810b1eeae') in 0.081109 seconds
  Import took 0.085108 seconds .

========================================================================
Received Import Request.
  Time since last request: 8.807698 seconds.
  path: Assets/Prefabs/AircraftCarrier 1.prefab
  artifactKey: Guid(617e09a3e0185184ab4310c52591092a) Importer(815301076,1909f56bfc062723c751e8b465ee728b)
Start importing Assets/Prefabs/AircraftCarrier 1.prefab using Guid(617e09a3e0185184ab4310c52591092a) Importer(815301076,1909f56bfc062723c751e8b465ee728b)  -> (artifact id: '9c4344c5d577e46b0ef57754a753f4f5') in 0.009327 seconds
  Import took 0.013148 seconds .

========================================================================
Received Import Request.
  Time since last request: 0.021793 seconds.
  path: Assets/Prefabs/AircraftCarrier 1.prefab
  artifactKey: Guid(617e09a3e0185184ab4310c52591092a) Importer(815301076,1909f56bfc062723c751e8b465ee728b)
Start importing Assets/Prefabs/AircraftCarrier 1.prefab using Guid(617e09a3e0185184ab4310c52591092a) Importer(815301076,1909f56bfc062723c751e8b465ee728b)  -> (artifact id: '9c4344c5d577e46b0ef57754a753f4f5') in 0.011261 seconds
  Import took 0.014767 seconds .

========================================================================
Received Import Request.
  Time since last request: 27.810870 seconds.
  path: Assets/Prefabs/Submarine 1.prefab
  artifactKey: Guid(3a623eb88a6428b40a4f372bdf21d7ce) Importer(815301076,1909f56bfc062723c751e8b465ee728b)
Start importing Assets/Prefabs/Submarine 1.prefab using Guid(3a623eb88a6428b40a4f372bdf21d7ce) Importer(815301076,1909f56bfc062723c751e8b465ee728b)  -> (artifact id: '43c0f6da502320a2716e993939c29c42') in 0.009462 seconds
  Import took 0.012771 seconds .

========================================================================
Received Import Request.
  Time since last request: 0.025122 seconds.
  path: Assets/Prefabs/Submarine 1.prefab
  artifactKey: Guid(3a623eb88a6428b40a4f372bdf21d7ce) Importer(815301076,1909f56bfc062723c751e8b465ee728b)
Start importing Assets/Prefabs/Submarine 1.prefab using Guid(3a623eb88a6428b40a4f372bdf21d7ce) Importer(815301076,1909f56bfc062723c751e8b465ee728b)  -> (artifact id: '43c0f6da502320a2716e993939c29c42') in 0.010041 seconds
  Import took 0.013760 seconds .

========================================================================
Received Import Request.
  Time since last request: 4.132824 seconds.
  path: Assets/Prefabs/PatrolBoat 1.prefab
  artifactKey: Guid(8ec4f027cb5c07741957ec3a8b76f84b) Importer(815301076,1909f56bfc062723c751e8b465ee728b)
Start importing Assets/Prefabs/PatrolBoat 1.prefab using Guid(8ec4f027cb5c07741957ec3a8b76f84b) Importer(815301076,1909f56bfc062723c751e8b465ee728b)  -> (artifact id: '6dd9e7a9ff9d00abbbe708dcf6a54eb6') in 0.010540 seconds
  Import took 0.015085 seconds .

========================================================================
Received Import Request.
  Time since last request: 0.021115 seconds.
  path: Assets/Prefabs/PatrolBoat 1.prefab
  artifactKey: Guid(8ec4f027cb5c07741957ec3a8b76f84b) Importer(815301076,1909f56bfc062723c751e8b465ee728b)
Start importing Assets/Prefabs/PatrolBoat 1.prefab using Guid(8ec4f027cb5c07741957ec3a8b76f84b) Importer(815301076,1909f56bfc062723c751e8b465ee728b)  -> (artifact id: '6dd9e7a9ff9d00abbbe708dcf6a54eb6') in 0.008796 seconds
  Import took 0.012436 seconds .

========================================================================
Received Import Request.
  Time since last request: 3.043717 seconds.
  path: Assets/Prefabs/Cruiser 1.prefab
  artifactKey: Guid(7d30ba99ea32b2947992c9ab903dc74d) Importer(815301076,1909f56bfc062723c751e8b465ee728b)
Start importing Assets/Prefabs/Cruiser 1.prefab using Guid(7d30ba99ea32b2947992c9ab903dc74d) Importer(815301076,1909f56bfc062723c751e8b465ee728b)  -> (artifact id: 'd21b33b4c7df507559a8990791232df5') in 0.009765 seconds
  Import took 0.013577 seconds .

========================================================================
Received Import Request.
  Time since last request: 0.020941 seconds.
  path: Assets/Prefabs/Cruiser 1.prefab
  artifactKey: Guid(7d30ba99ea32b2947992c9ab903dc74d) Importer(815301076,1909f56bfc062723c751e8b465ee728b)
Start importing Assets/Prefabs/Cruiser 1.prefab using Guid(7d30ba99ea32b2947992c9ab903dc74d) Importer(815301076,1909f56bfc062723c751e8b465ee728b)  -> (artifact id: 'd21b33b4c7df507559a8990791232df5') in 0.010090 seconds
  Import took 0.013584 seconds .

========================================================================
Received Import Request.
  Time since last request: 4.854746 seconds.
  path: Assets/Prefabs/BattleShip 1.prefab
  artifactKey: Guid(17b53328bdeb36a44a01438dceee0eab) Importer(815301076,1909f56bfc062723c751e8b465ee728b)
Start importing Assets/Prefabs/BattleShip 1.prefab using Guid(17b53328bdeb36a44a01438dceee0eab) Importer(815301076,1909f56bfc062723c751e8b465ee728b)  -> (artifact id: '3fde2e9f2554ff7092e713094a028383') in 0.010095 seconds
  Import took 0.014390 seconds .

========================================================================
Received Import Request.
  Time since last request: 0.019844 seconds.
  path: Assets/Prefabs/BattleShip 1.prefab
  artifactKey: Guid(17b53328bdeb36a44a01438dceee0eab) Importer(815301076,1909f56bfc062723c751e8b465ee728b)
Start importing Assets/Prefabs/BattleShip 1.prefab using Guid(17b53328bdeb36a44a01438dceee0eab) Importer(815301076,1909f56bfc062723c751e8b465ee728b)  -> (artifact id: '3fde2e9f2554ff7092e713094a028383') in 0.009756 seconds
  Import took 0.014045 seconds .

========================================================================
Received Import Request.
  Time since last request: 16.218890 seconds.
  path: Assets/Prefabs/Submarine 1.prefab
  artifactKey: Guid(3a623eb88a6428b40a4f372bdf21d7ce) Importer(815301076,1909f56bfc062723c751e8b465ee728b)
Start importing Assets/Prefabs/Submarine 1.prefab using Guid(3a623eb88a6428b40a4f372bdf21d7ce) Importer(815301076,1909f56bfc062723c751e8b465ee728b)  -> (artifact id: 'c2de6655977729f48eb50e77803b22b6') in 0.008294 seconds
  Import took 0.012486 seconds .

========================================================================
Received Import Request.
  Time since last request: 0.021857 seconds.
  path: Assets/Prefabs/Submarine 1.prefab
  artifactKey: Guid(3a623eb88a6428b40a4f372bdf21d7ce) Importer(815301076,1909f56bfc062723c751e8b465ee728b)
Start importing Assets/Prefabs/Submarine 1.prefab using Guid(3a623eb88a6428b40a4f372bdf21d7ce) Importer(815301076,1909f56bfc062723c751e8b465ee728b)  -> (artifact id: 'c2de6655977729f48eb50e77803b22b6') in 0.008829 seconds
  Import took 0.012499 seconds .

========================================================================
Received Prepare
Registering precompiled user dll's ...
Registered in 0.008184 seconds.
Begin MonoManager ReloadAssembly
Native extension for WindowsStandalone target not found
Refreshing native plugins compatible for Editor in 0.50 ms, found 1 plugins.
Preloading 0 native plugins for Editor in 0.00 ms.
Invoked RoslynAnalysisRunner static constructor.
RoslynAnalysisRunner will not be running.
RoslynAnalysisRunner has terminated.
Mono: successfully reloaded assembly
- Completed reload, in  1.440 seconds
Platform modules already initialized, skipping
Refreshing native plugins compatible for Editor in 0.62 ms, found 1 plugins.
Preloading 0 native plugins for Editor in 0.00 ms.
Unloading 1787 Unused Serialized files (Serialized files now loaded: 0)
System memory in use before: 84.9 MB.
System memory in use after: 85.0 MB.

Unloading 7 unused Assets to reduce memory usage. Loaded Objects now: 2273.
Total: 2.476400 ms (FindLiveObjects: 0.233000 ms CreateObjectMapping: 0.137000 ms MarkObjects: 2.087100 ms  DeleteObjects: 0.017900 ms)

========================================================================
Received Prepare
Registering precompiled user dll's ...
Registered in 0.011247 seconds.
Begin MonoManager ReloadAssembly
Native extension for WindowsStandalone target not found
Refreshing native plugins compatible for Editor in 0.41 ms, found 1 plugins.
Preloading 0 native plugins for Editor in 0.00 ms.
Invoked RoslynAnalysisRunner static constructor.
RoslynAnalysisRunner will not be running.
RoslynAnalysisRunner has terminated.
Mono: successfully reloaded assembly
- Completed reload, in  1.403 seconds
Platform modules already initialized, skipping
Refreshing native plugins compatible for Editor in 0.43 ms, found 1 plugins.
Preloading 0 native plugins for Editor in 0.00 ms.
Unloading 1787 Unused Serialized files (Serialized files now loaded: 0)
System memory in use before: 84.9 MB.
System memory in use after: 85.0 MB.

Unloading 7 unused Assets to reduce memory usage. Loaded Objects now: 2276.
Total: 2.376100 ms (FindLiveObjects: 0.234600 ms CreateObjectMapping: 0.134000 ms MarkObjects: 1.990800 ms  DeleteObjects: 0.015400 ms)

========================================================================
Received Import Request.
  Time since last request: 2210.907352 seconds.
  path: Assets/Scripts/Tile.cs
  artifactKey: Guid(d641254a34b02f6469d9e2a7fe335b2f) Importer(815301076,1909f56bfc062723c751e8b465ee728b)
Start importing Assets/Scripts/Tile.cs using Guid(d641254a34b02f6469d9e2a7fe335b2f) Importer(815301076,1909f56bfc062723c751e8b465ee728b)  -> (artifact id: '3e495a395b919143ffb23f1d43c70315') in 0.009507 seconds
  Import took 0.019432 seconds .

========================================================================
Received Prepare
Registering precompiled user dll's ...
Registered in 0.010963 seconds.
Begin MonoManager ReloadAssembly
Native extension for WindowsStandalone target not found
Refreshing native plugins compatible for Editor in 0.39 ms, found 1 plugins.
Preloading 0 native plugins for Editor in 0.00 ms.
Invoked RoslynAnalysisRunner static constructor.
RoslynAnalysisRunner will not be running.
RoslynAnalysisRunner has terminated.
Mono: successfully reloaded assembly
- Completed reload, in  1.553 seconds
Platform modules already initialized, skipping
Refreshing native plugins compatible for Editor in 0.44 ms, found 1 plugins.
Preloading 0 native plugins for Editor in 0.00 ms.
Unloading 1788 Unused Serialized files (Serialized files now loaded: 0)
System memory in use before: 84.9 MB.
System memory in use after: 85.1 MB.

Unloading 7 unused Assets to reduce memory usage. Loaded Objects now: 2280.
Total: 2.585900 ms (FindLiveObjects: 0.259600 ms CreateObjectMapping: 0.178600 ms MarkObjects: 2.127600 ms  DeleteObjects: 0.018500 ms)

========================================================================
Received Prepare
Registering precompiled user dll's ...
Registered in 0.007772 seconds.
Begin MonoManager ReloadAssembly
Native extension for WindowsStandalone target not found
Refreshing native plugins compatible for Editor in 0.40 ms, found 1 plugins.
Preloading 0 native plugins for Editor in 0.00 ms.
Invoked RoslynAnalysisRunner static constructor.
RoslynAnalysisRunner will not be running.
RoslynAnalysisRunner has terminated.
Mono: successfully reloaded assembly
- Completed reload, in  1.450 seconds
Platform modules already initialized, skipping
Refreshing native plugins compatible for Editor in 0.40 ms, found 1 plugins.
Preloading 0 native plugins for Editor in 0.00 ms.
Unloading 1788 Unused Serialized files (Serialized files now loaded: 0)
System memory in use before: 85.0 MB.
System memory in use after: 85.1 MB.

Unloading 7 unused Assets to reduce memory usage. Loaded Objects now: 2283.
Total: 2.607600 ms (FindLiveObjects: 0.304000 ms CreateObjectMapping: 0.198800 ms MarkObjects: 2.086700 ms  DeleteObjects: 0.016500 ms)

========================================================================
Received Prepare
Registering precompiled user dll's ...
Registered in 0.008110 seconds.
Begin MonoManager ReloadAssembly
Native extension for WindowsStandalone target not found
Refreshing native plugins compatible for Editor in 0.60 ms, found 1 plugins.
Preloading 0 native plugins for Editor in 0.00 ms.
Invoked RoslynAnalysisRunner static constructor.
RoslynAnalysisRunner will not be running.
RoslynAnalysisRunner has terminated.
Mono: successfully reloaded assembly
- Completed reload, in  1.395 seconds
Platform modules already initialized, skipping
Refreshing native plugins compatible for Editor in 0.50 ms, found 1 plugins.
Preloading 0 native plugins for Editor in 0.00 ms.
Unloading 1788 Unused Serialized files (Serialized files now loaded: 0)
System memory in use before: 85.0 MB.
System memory in use after: 85.1 MB.

Unloading 7 unused Assets to reduce memory usage. Loaded Objects now: 2286.
Total: 2.535500 ms (FindLiveObjects: 0.334500 ms CreateObjectMapping: 0.171100 ms MarkObjects: 2.012300 ms  DeleteObjects: 0.016100 ms)

========================================================================
Received Prepare
Registering precompiled user dll's ...
Registered in 0.008549 seconds.
Begin MonoManager ReloadAssembly
Native extension for WindowsStandalone target not found
Refreshing native plugins compatible for Editor in 0.48 ms, found 1 plugins.
Preloading 0 native plugins for Editor in 0.00 ms.
Invoked RoslynAnalysisRunner static constructor.
RoslynAnalysisRunner will not be running.
RoslynAnalysisRunner has terminated.
Mono: successfully reloaded assembly
- Completed reload, in  1.403 seconds
Platform modules already initialized, skipping
Refreshing native plugins compatible for Editor in 0.40 ms, found 1 plugins.
Preloading 0 native plugins for Editor in 0.00 ms.
Unloading 1789 Unused Serialized files (Serialized files now loaded: 0)
System memory in use before: 85.0 MB.
System memory in use after: 85.1 MB.

Unloading 7 unused Assets to reduce memory usage. Loaded Objects now: 2290.
Total: 2.493100 ms (FindLiveObjects: 0.251000 ms CreateObjectMapping: 0.161000 ms MarkObjects: 2.062700 ms  DeleteObjects: 0.016700 ms)

========================================================================
Received Prepare
Registering precompiled user dll's ...
Registered in 0.010687 seconds.
Begin MonoManager ReloadAssembly
Native extension for WindowsStandalone target not found
Refreshing native plugins compatible for Editor in 0.41 ms, found 1 plugins.
Preloading 0 native plugins for Editor in 0.00 ms.
Invoked RoslynAnalysisRunner static constructor.
RoslynAnalysisRunner will not be running.
RoslynAnalysisRunner has terminated.
Mono: successfully reloaded assembly
- Completed reload, in  1.499 seconds
Platform modules already initialized, skipping
Refreshing native plugins compatible for Editor in 0.53 ms, found 1 plugins.
Preloading 0 native plugins for Editor in 0.00 ms.
Unloading 1789 Unused Serialized files (Serialized files now loaded: 0)
System memory in use before: 85.0 MB.
System memory in use after: 85.1 MB.

Unloading 7 unused Assets to reduce memory usage. Loaded Objects now: 2293.
Total: 2.473700 ms (FindLiveObjects: 0.365300 ms CreateObjectMapping: 0.170600 ms MarkObjects: 1.918100 ms  DeleteObjects: 0.017800 ms)

========================================================================
Received Prepare
Registering precompiled user dll's ...
Registered in 0.006524 seconds.
Begin MonoManager ReloadAssembly
Native extension for WindowsStandalone target not found
Refreshing native plugins compatible for Editor in 0.59 ms, found 1 plugins.
Preloading 0 native plugins for Editor in 0.00 ms.
Invoked RoslynAnalysisRunner static constructor.
RoslynAnalysisRunner will not be running.
RoslynAnalysisRunner has terminated.
Mono: successfully reloaded assembly
- Completed reload, in  3.383 seconds
Platform modules already initialized, skipping
Refreshing native plugins compatible for Editor in 0.64 ms, found 1 plugins.
Preloading 0 native plugins for Editor in 0.00 ms.
Unloading 1790 Unused Serialized files (Serialized files now loaded: 0)
System memory in use before: 85.0 MB.
System memory in use after: 85.2 MB.

Unloading 7 unused Assets to reduce memory usage. Loaded Objects now: 2297.
Total: 3.211800 ms (FindLiveObjects: 0.581100 ms CreateObjectMapping: 0.174600 ms MarkObjects: 2.434400 ms  DeleteObjects: 0.019400 ms)

========================================================================
Received Import Request.
  Time since last request: 762.919910 seconds.
  path: Assets/PatrolBoatManager.cs
  artifactKey: Guid(3edbab94b863c714d8bd8ad13fe5b742) Importer(815301076,1909f56bfc062723c751e8b465ee728b)
Start importing Assets/PatrolBoatManager.cs using Guid(3edbab94b863c714d8bd8ad13fe5b742) Importer(815301076,1909f56bfc062723c751e8b465ee728b)  -> (artifact id: 'ad980622186977f033f12075f526955c') in 0.016108 seconds
  Import took 0.022913 seconds .

========================================================================
Received Prepare
Registering precompiled user dll's ...
Registered in 0.007191 seconds.
Begin MonoManager ReloadAssembly
Native extension for WindowsStandalone target not found
Refreshing native plugins compatible for Editor in 0.48 ms, found 1 plugins.
Preloading 0 native plugins for Editor in 0.00 ms.
Invoked RoslynAnalysisRunner static constructor.
RoslynAnalysisRunner will not be running.
RoslynAnalysisRunner has terminated.
Mono: successfully reloaded assembly
- Completed reload, in  1.392 seconds
Platform modules already initialized, skipping
Refreshing native plugins compatible for Editor in 0.40 ms, found 1 plugins.
Preloading 0 native plugins for Editor in 0.00 ms.
Unloading 1790 Unused Serialized files (Serialized files now loaded: 0)
System memory in use before: 85.1 MB.
System memory in use after: 85.2 MB.

Unloading 7 unused Assets to reduce memory usage. Loaded Objects now: 2300.
Total: 2.754900 ms (FindLiveObjects: 0.386200 ms CreateObjectMapping: 0.208000 ms MarkObjects: 2.141600 ms  DeleteObjects: 0.016600 ms)

========================================================================
Received Import Request.
  Time since last request: 26.157436 seconds.
  path: Assets/PatrolBoatManager.cs
  artifactKey: Guid(3edbab94b863c714d8bd8ad13fe5b742) Importer(815301076,1909f56bfc062723c751e8b465ee728b)
Start importing Assets/PatrolBoatManager.cs using Guid(3edbab94b863c714d8bd8ad13fe5b742) Importer(815301076,1909f56bfc062723c751e8b465ee728b)  -> (artifact id: '2f7c0fcc71be7d1ffb7b8ce89d064a95') in 0.011702 seconds
  Import took 0.016458 seconds .

========================================================================
Received Prepare
Registering precompiled user dll's ...
Registered in 0.008167 seconds.
Begin MonoManager ReloadAssembly
Native extension for WindowsStandalone target not found
Refreshing native plugins compatible for Editor in 0.39 ms, found 1 plugins.
Preloading 0 native plugins for Editor in 0.00 ms.
Invoked RoslynAnalysisRunner static constructor.
RoslynAnalysisRunner will not be running.
RoslynAnalysisRunner has terminated.
Mono: successfully reloaded assembly
- Completed reload, in  1.428 seconds
Platform modules already initialized, skipping
Refreshing native plugins compatible for Editor in 0.95 ms, found 1 plugins.
Preloading 0 native plugins for Editor in 0.00 ms.
Unloading 1791 Unused Serialized files (Serialized files now loaded: 0)
System memory in use before: 85.1 MB.
System memory in use after: 85.2 MB.

Unloading 7 unused Assets to reduce memory usage. Loaded Objects now: 2304.
Total: 2.203100 ms (FindLiveObjects: 0.268000 ms CreateObjectMapping: 0.116200 ms MarkObjects: 1.800200 ms  DeleteObjects: 0.016900 ms)

========================================================================
Received Prepare
Registering precompiled user dll's ...
Registered in 0.008286 seconds.
Begin MonoManager ReloadAssembly
Native extension for WindowsStandalone target not found
Refreshing native plugins compatible for Editor in 0.39 ms, found 1 plugins.
Preloading 0 native plugins for Editor in 0.00 ms.
Invoked RoslynAnalysisRunner static constructor.
RoslynAnalysisRunner will not be running.
RoslynAnalysisRunner has terminated.
Mono: successfully reloaded assembly
- Completed reload, in  1.435 seconds
Platform modules already initialized, skipping
Refreshing native plugins compatible for Editor in 0.41 ms, found 1 plugins.
Preloading 0 native plugins for Editor in 0.00 ms.
Unloading 1792 Unused Serialized files (Serialized files now loaded: 0)
System memory in use before: 85.1 MB.
System memory in use after: 85.2 MB.

Unloading 7 unused Assets to reduce memory usage. Loaded Objects now: 2308.
Total: 2.402500 ms (FindLiveObjects: 0.267900 ms CreateObjectMapping: 0.169600 ms MarkObjects: 1.946700 ms  DeleteObjects: 0.017000 ms)

========================================================================
Received Import Request.
  Time since last request: 89.336863 seconds.
  path: Assets/Prefabs/BattleShip.prefab
  artifactKey: Guid(609343669c846c34d8e4b32f12039b4e) Importer(815301076,1909f56bfc062723c751e8b465ee728b)
Start importing Assets/Prefabs/BattleShip.prefab using Guid(609343669c846c34d8e4b32f12039b4e) Importer(815301076,1909f56bfc062723c751e8b465ee728b)  -> (artifact id: 'e08b3994c80e7df6a80af2eb5e1bb451') in 0.054441 seconds
  Import took 0.058329 seconds .

========================================================================
Received Import Request.
  Time since last request: 0.019233 seconds.
  path: Assets/Prefabs/BattleShip.prefab
  artifactKey: Guid(609343669c846c34d8e4b32f12039b4e) Importer(815301076,1909f56bfc062723c751e8b465ee728b)
Start importing Assets/Prefabs/BattleShip.prefab using Guid(609343669c846c34d8e4b32f12039b4e) Importer(815301076,1909f56bfc062723c751e8b465ee728b)  -> (artifact id: 'e08b3994c80e7df6a80af2eb5e1bb451') in 0.011521 seconds
  Import took 0.017710 seconds .

========================================================================
Received Import Request.
  Time since last request: 1.230305 seconds.
  path: Assets/Prefabs/Cruiser.prefab
  artifactKey: Guid(76555c69000d79b4382b9574a517b88c) Importer(815301076,1909f56bfc062723c751e8b465ee728b)
Start importing Assets/Prefabs/Cruiser.prefab using Guid(76555c69000d79b4382b9574a517b88c) Importer(815301076,1909f56bfc062723c751e8b465ee728b)  -> (artifact id: '7cca97fce2525b54ad012dc1f0f167fc') in 0.010875 seconds
  Import took 0.027440 seconds .

========================================================================
Received Import Request.
  Time since last request: 0.012736 seconds.
  path: Assets/Prefabs/Cruiser.prefab
  artifactKey: Guid(76555c69000d79b4382b9574a517b88c) Importer(815301076,1909f56bfc062723c751e8b465ee728b)
Start importing Assets/Prefabs/Cruiser.prefab using Guid(76555c69000d79b4382b9574a517b88c) Importer(815301076,1909f56bfc062723c751e8b465ee728b)  -> (artifact id: '7cca97fce2525b54ad012dc1f0f167fc') in 0.014763 seconds
  Import took 0.019056 seconds .

========================================================================
Received Import Request.
  Time since last request: 1.351703 seconds.
  path: Assets/Prefabs/PatrolBoat.prefab
  artifactKey: Guid(c6545631589c6a2498e9d027e54b29d2) Importer(815301076,1909f56bfc062723c751e8b465ee728b)
Start importing Assets/Prefabs/PatrolBoat.prefab using Guid(c6545631589c6a2498e9d027e54b29d2) Importer(815301076,1909f56bfc062723c751e8b465ee728b)  -> (artifact id: 'e467690a0a352c19f066b059684c6170') in 0.010427 seconds
  Import took 0.013900 seconds .

========================================================================
Received Import Request.
  Time since last request: 0.022687 seconds.
  path: Assets/Prefabs/PatrolBoat.prefab
  artifactKey: Guid(c6545631589c6a2498e9d027e54b29d2) Importer(815301076,1909f56bfc062723c751e8b465ee728b)
Start importing Assets/Prefabs/PatrolBoat.prefab using Guid(c6545631589c6a2498e9d027e54b29d2) Importer(815301076,1909f56bfc062723c751e8b465ee728b)  -> (artifact id: 'e467690a0a352c19f066b059684c6170') in 0.009376 seconds
  Import took 0.012922 seconds .

========================================================================
Received Import Request.
  Time since last request: 1.325965 seconds.
  path: Assets/Prefabs/Submarine.prefab
  artifactKey: Guid(7aefda4fd1375344a92e4e27cdcc2563) Importer(815301076,1909f56bfc062723c751e8b465ee728b)
Start importing Assets/Prefabs/Submarine.prefab using Guid(7aefda4fd1375344a92e4e27cdcc2563) Importer(815301076,1909f56bfc062723c751e8b465ee728b)  -> (artifact id: 'ba7b26c1a947379ff5030c0b1095c353') in 0.009308 seconds
  Import took 0.013366 seconds .

========================================================================
Received Import Request.
  Time since last request: 0.026318 seconds.
  path: Assets/Prefabs/Submarine.prefab
  artifactKey: Guid(7aefda4fd1375344a92e4e27cdcc2563) Importer(815301076,1909f56bfc062723c751e8b465ee728b)
Start importing Assets/Prefabs/Submarine.prefab using Guid(7aefda4fd1375344a92e4e27cdcc2563) Importer(815301076,1909f56bfc062723c751e8b465ee728b)  -> (artifact id: 'ba7b26c1a947379ff5030c0b1095c353') in 0.010994 seconds
  Import took 0.014705 seconds .

========================================================================
Received Import Request.
  Time since last request: 1.634384 seconds.
  path: Assets/Prefabs/AircraftCarrier.prefab
  artifactKey: Guid(084e488221aaf104c88e17c86a9cb593) Importer(815301076,1909f56bfc062723c751e8b465ee728b)
Start importing Assets/Prefabs/AircraftCarrier.prefab using Guid(084e488221aaf104c88e17c86a9cb593) Importer(815301076,1909f56bfc062723c751e8b465ee728b)  -> (artifact id: 'd72f3bfabc3cbafe592e3d8e9b84de05') in 0.012188 seconds
  Import took 0.021292 seconds .

========================================================================
Received Import Request.
  Time since last request: 0.016888 seconds.
  path: Assets/Prefabs/AircraftCarrier.prefab
  artifactKey: Guid(084e488221aaf104c88e17c86a9cb593) Importer(815301076,1909f56bfc062723c751e8b465ee728b)
Start importing Assets/Prefabs/AircraftCarrier.prefab using Guid(084e488221aaf104c88e17c86a9cb593) Importer(815301076,1909f56bfc062723c751e8b465ee728b)  -> (artifact id: 'd72f3bfabc3cbafe592e3d8e9b84de05') in 0.012881 seconds
  Import took 0.016670 seconds .

========================================================================
Received Import Request.
  Time since last request: 66.795827 seconds.
  path: Assets/AircraftCarrierManager.cs
  artifactKey: Guid(fd4823e0c9f8c9540a6c4fa76a540278) Importer(815301076,1909f56bfc062723c751e8b465ee728b)
Start importing Assets/AircraftCarrierManager.cs using Guid(fd4823e0c9f8c9540a6c4fa76a540278) Importer(815301076,1909f56bfc062723c751e8b465ee728b)  -> (artifact id: 'e8c512353d9704d2f7dd6441b7d3b9bf') in 0.011302 seconds
  Import took 0.017039 seconds .

========================================================================
Received Import Request.
  Time since last request: 4.022537 seconds.
  path: Assets/CruiserManager.cs
  artifactKey: Guid(f978385f5e78faf44853995fb49d9581) Importer(815301076,1909f56bfc062723c751e8b465ee728b)
Start importing Assets/CruiserManager.cs using Guid(f978385f5e78faf44853995fb49d9581) Importer(815301076,1909f56bfc062723c751e8b465ee728b)  -> (artifact id: '24bccc4e004bcd004f16fafd83b93979') in 0.010409 seconds
  Import took 0.015364 seconds .

========================================================================
Received Import Request.
  Time since last request: 6.755382 seconds.
  path: Assets/SubmarineManager.cs
  artifactKey: Guid(83834b8a65d2abe4a93bba58a3cb9083) Importer(815301076,1909f56bfc062723c751e8b465ee728b)
Start importing Assets/SubmarineManager.cs using Guid(83834b8a65d2abe4a93bba58a3cb9083) Importer(815301076,1909f56bfc062723c751e8b465ee728b)  -> (artifact id: '13b12f6428ccca2b6b7000cca5382fa7') in 0.007111 seconds
  Import took 0.010800 seconds .

========================================================================
Received Prepare
Registering precompiled user dll's ...
Registered in 0.007790 seconds.
Begin MonoManager ReloadAssembly
Native extension for WindowsStandalone target not found
Refreshing native plugins compatible for Editor in 0.42 ms, found 1 plugins.
Preloading 0 native plugins for Editor in 0.00 ms.
Invoked RoslynAnalysisRunner static constructor.
RoslynAnalysisRunner will not be running.
RoslynAnalysisRunner has terminated.
Mono: successfully reloaded assembly
- Completed reload, in  1.520 seconds
Platform modules already initialized, skipping
Refreshing native plugins compatible for Editor in 0.40 ms, found 1 plugins.
Preloading 0 native plugins for Editor in 0.00 ms.
Unloading 1792 Unused Serialized files (Serialized files now loaded: 0)
System memory in use before: 85.1 MB.
System memory in use after: 85.2 MB.

Unloading 7 unused Assets to reduce memory usage. Loaded Objects now: 2311.
Total: 2.468300 ms (FindLiveObjects: 0.275800 ms CreateObjectMapping: 0.166700 ms MarkObjects: 1.999200 ms  DeleteObjects: 0.024400 ms)

========================================================================
Received Import Request.
  Time since last request: 481.436381 seconds.
  path: Assets/SubmarineManager.cs
  artifactKey: Guid(83834b8a65d2abe4a93bba58a3cb9083) Importer(815301076,1909f56bfc062723c751e8b465ee728b)
Start importing Assets/SubmarineManager.cs using Guid(83834b8a65d2abe4a93bba58a3cb9083) Importer(815301076,1909f56bfc062723c751e8b465ee728b)  -> (artifact id: '7fe72d7b706443e5ae94680b648be20c') in 0.015286 seconds
  Import took 0.019019 seconds .

========================================================================
Received Prepare
Registering precompiled user dll's ...
Registered in 0.007118 seconds.
Begin MonoManager ReloadAssembly
Native extension for WindowsStandalone target not found
Refreshing native plugins compatible for Editor in 0.38 ms, found 1 plugins.
Preloading 0 native plugins for Editor in 0.00 ms.
Invoked RoslynAnalysisRunner static constructor.
RoslynAnalysisRunner will not be running.
RoslynAnalysisRunner has terminated.
Mono: successfully reloaded assembly
- Completed reload, in  1.489 seconds
Platform modules already initialized, skipping
Refreshing native plugins compatible for Editor in 0.48 ms, found 1 plugins.
Preloading 0 native plugins for Editor in 0.00 ms.
Unloading 1792 Unused Serialized files (Serialized files now loaded: 0)
System memory in use before: 85.1 MB.
System memory in use after: 85.2 MB.

Unloading 7 unused Assets to reduce memory usage. Loaded Objects now: 2314.
Total: 2.594700 ms (FindLiveObjects: 0.263300 ms CreateObjectMapping: 0.164200 ms MarkObjects: 2.139700 ms  DeleteObjects: 0.025900 ms)

========================================================================
Received Prepare
Registering precompiled user dll's ...
Registered in 0.007939 seconds.
Begin MonoManager ReloadAssembly
Native extension for WindowsStandalone target not found
Refreshing native plugins compatible for Editor in 0.39 ms, found 1 plugins.
Preloading 0 native plugins for Editor in 0.00 ms.
Invoked RoslynAnalysisRunner static constructor.
RoslynAnalysisRunner will not be running.
RoslynAnalysisRunner has terminated.
Mono: successfully reloaded assembly
- Completed reload, in  1.380 seconds
Platform modules already initialized, skipping
Refreshing native plugins compatible for Editor in 1.21 ms, found 1 plugins.
Preloading 0 native plugins for Editor in 0.00 ms.
Unloading 1792 Unused Serialized files (Serialized files now loaded: 0)
System memory in use before: 85.1 MB.
System memory in use after: 85.3 MB.

Unloading 7 unused Assets to reduce memory usage. Loaded Objects now: 2317.
Total: 2.639200 ms (FindLiveObjects: 0.274900 ms CreateObjectMapping: 0.157600 ms MarkObjects: 2.187400 ms  DeleteObjects: 0.017300 ms)

========================================================================
Received Import Request.
  Time since last request: 691.541174 seconds.
  path: Assets/Prefabs/AircraftCarrier.prefab
  artifactKey: Guid(084e488221aaf104c88e17c86a9cb593) Importer(815301076,1909f56bfc062723c751e8b465ee728b)
Start importing Assets/Prefabs/AircraftCarrier.prefab using Guid(084e488221aaf104c88e17c86a9cb593) Importer(815301076,1909f56bfc062723c751e8b465ee728b)  -> (artifact id: '263e1630e1babaae4ac9f64d2512d844') in 0.044803 seconds
  Import took 0.048860 seconds .

========================================================================
Received Import Request.
  Time since last request: 0.000283 seconds.
  path: Assets/TextMesh Pro/Resources/Style Sheets/Default Style Sheet.asset
  artifactKey: Guid(f952c082cb03451daed3ee968ac6c63e) Importer(815301076,1909f56bfc062723c751e8b465ee728b)
Start importing Assets/TextMesh Pro/Resources/Style Sheets/Default Style Sheet.asset using Guid(f952c082cb03451daed3ee968ac6c63e) Importer(815301076,1909f56bfc062723c751e8b465ee728b)  -> (artifact id: '7a259c5ea2904fb5285c9e960ac72422') in 0.013744 seconds
  Import took 0.016928 seconds .

========================================================================
Received Import Request.
  Time since last request: 0.000293 seconds.
  path: Assets/TextMesh Pro/Resources/Sprite Assets/EmojiOne.asset
  artifactKey: Guid(c41005c129ba4d66911b75229fd70b45) Importer(815301076,1909f56bfc062723c751e8b465ee728b)
Start importing Assets/TextMesh Pro/Resources/Sprite Assets/EmojiOne.asset using Guid(c41005c129ba4d66911b75229fd70b45) Importer(815301076,1909f56bfc062723c751e8b465ee728b)  -> (artifact id: 'eab810e530baa31361df512bfcd5c5f1') in 0.018238 seconds
  Import took 0.022399 seconds .

========================================================================
Received Import Request.
  Time since last request: 0.009527 seconds.
  path: Assets/TextMesh Pro/Resources/Fonts & Materials/LiberationSans SDF - Fallback.asset
  artifactKey: Guid(2e498d1c8094910479dc3e1b768306a4) Importer(815301076,1909f56bfc062723c751e8b465ee728b)
Start importing Assets/TextMesh Pro/Resources/Fonts & Materials/LiberationSans SDF - Fallback.asset using Guid(2e498d1c8094910479dc3e1b768306a4) Importer(815301076,1909f56bfc062723c751e8b465ee728b)  -> (artifact id: 'f06d66094e06d5d76bc90087b1482378') in 0.181176 seconds
  Import took 0.185844 seconds .

========================================================================
Received Import Request.
  Time since last request: 0.000282 seconds.
  path: Assets/Prefabs/Sprites Prefab/Tile.prefab
  artifactKey: Guid(47acaeae8e646684baefa55251856098) Importer(815301076,1909f56bfc062723c751e8b465ee728b)
Start importing Assets/Prefabs/Sprites Prefab/Tile.prefab using Guid(47acaeae8e646684baefa55251856098) Importer(815301076,1909f56bfc062723c751e8b465ee728b)  -> (artifact id: '9b0705318fb472d0cb72e583373355c4') in 0.034614 seconds
  Import took 0.038154 seconds .

========================================================================
Received Import Request.
  Time since last request: 0.000235 seconds.
  path: Assets/TextMesh Pro/Resources/TMP Settings.asset
  artifactKey: Guid(3f5b5dff67a942289a9defa416b206f3) Importer(815301076,1909f56bfc062723c751e8b465ee728b)
Start importing Assets/TextMesh Pro/Resources/TMP Settings.asset using Guid(3f5b5dff67a942289a9defa416b206f3) Importer(815301076,1909f56bfc062723c751e8b465ee728b)  -> (artifact id: 'b07415286e54e33da4c287878f5037c2') in 0.056657 seconds
  Import took 0.061238 seconds .

========================================================================
Received Import Request.
  Time since last request: 0.000231 seconds.
  path: Assets/Prefabs/Submarine.prefab
  artifactKey: Guid(7aefda4fd1375344a92e4e27cdcc2563) Importer(815301076,1909f56bfc062723c751e8b465ee728b)
Start importing Assets/Prefabs/Submarine.prefab using Guid(7aefda4fd1375344a92e4e27cdcc2563) Importer(815301076,1909f56bfc062723c751e8b465ee728b)  -> (artifact id: '633bfef966bcc1c07f2370880ca18599') in 0.010043 seconds
  Import took 0.013858 seconds .

========================================================================
Received Import Request.
  Time since last request: 0.011074 seconds.
  path: Assets/TextMesh Pro/Resources/TMP Settings.asset
  artifactKey: Guid(3f5b5dff67a942289a9defa416b206f3) Importer(815301076,1909f56bfc062723c751e8b465ee728b)
Start importing Assets/TextMesh Pro/Resources/TMP Settings.asset using Guid(3f5b5dff67a942289a9defa416b206f3) Importer(815301076,1909f56bfc062723c751e8b465ee728b)  -> (artifact id: 'b07415286e54e33da4c287878f5037c2') in 0.055741 seconds
  Import took 0.059494 seconds .

========================================================================
Received Prepare
Registering precompiled user dll's ...
Registered in 0.007848 seconds.
Begin MonoManager ReloadAssembly
Native extension for WindowsStandalone target not found
Refreshing native plugins compatible for Editor in 0.41 ms, found 1 plugins.
Preloading 0 native plugins for Editor in 0.00 ms.
Invoked RoslynAnalysisRunner static constructor.
RoslynAnalysisRunner will not be running.
RoslynAnalysisRunner has terminated.
Mono: successfully reloaded assembly
- Completed reload, in  1.449 seconds
Platform modules already initialized, skipping
Refreshing native plugins compatible for Editor in 0.48 ms, found 1 plugins.
Preloading 0 native plugins for Editor in 0.00 ms.
Unloading 1792 Unused Serialized files (Serialized files now loaded: 0)
System memory in use before: 88.9 MB.
System memory in use after: 89.0 MB.

Unloading 7 unused Assets to reduce memory usage. Loaded Objects now: 2362.
Total: 2.448600 ms (FindLiveObjects: 0.282900 ms CreateObjectMapping: 0.136700 ms MarkObjects: 1.947400 ms  DeleteObjects: 0.080300 ms)

========================================================================
Received Import Request.
  Time since last request: 109.055293 seconds.
  path: Assets/Prefabs/TileUI.prefab
  artifactKey: Guid(6ffec578cb36bfd4496ee6538fd19ed7) Importer(815301076,1909f56bfc062723c751e8b465ee728b)
Start importing Assets/Prefabs/TileUI.prefab using Guid(6ffec578cb36bfd4496ee6538fd19ed7) Importer(815301076,1909f56bfc062723c751e8b465ee728b)  -> (artifact id: '155170285c19dcab8b76696065c5a2e6') in 0.066314 seconds
  Import took 0.071067 seconds .

========================================================================
Received Import Request.
  Time since last request: 0.001429 seconds.
  path: Assets/Prefabs/TileUI.prefab
  artifactKey: Guid(6ffec578cb36bfd4496ee6538fd19ed7) Importer(815301076,1909f56bfc062723c751e8b465ee728b)
Start importing Assets/Prefabs/TileUI.prefab using Guid(6ffec578cb36bfd4496ee6538fd19ed7) Importer(815301076,1909f56bfc062723c751e8b465ee728b)  -> (artifact id: '155170285c19dcab8b76696065c5a2e6') in 0.009996 seconds
  Import took 0.014667 seconds .

========================================================================
Received Prepare
Registering precompiled user dll's ...
Registered in 0.007945 seconds.
Begin MonoManager ReloadAssembly
Native extension for WindowsStandalone target not found
Refreshing native plugins compatible for Editor in 0.40 ms, found 1 plugins.
Preloading 0 native plugins for Editor in 0.00 ms.
Invoked RoslynAnalysisRunner static constructor.
RoslynAnalysisRunner will not be running.
RoslynAnalysisRunner has terminated.
Mono: successfully reloaded assembly
- Completed reload, in  1.511 seconds
Platform modules already initialized, skipping
Refreshing native plugins compatible for Editor in 0.43 ms, found 1 plugins.
Preloading 0 native plugins for Editor in 0.00 ms.
Unloading 1792 Unused Serialized files (Serialized files now loaded: 0)
System memory in use before: 88.9 MB.
System memory in use after: 89.0 MB.

Unloading 7 unused Assets to reduce memory usage. Loaded Objects now: 2365.
Total: 2.445500 ms (FindLiveObjects: 0.242000 ms CreateObjectMapping: 0.142400 ms MarkObjects: 2.042400 ms  DeleteObjects: 0.017200 ms)

========================================================================
Received Prepare
Registering precompiled user dll's ...
Registered in 0.007144 seconds.
Begin MonoManager ReloadAssembly
Native extension for WindowsStandalone target not found
Refreshing native plugins compatible for Editor in 0.39 ms, found 1 plugins.
Preloading 0 native plugins for Editor in 0.00 ms.
Invoked RoslynAnalysisRunner static constructor.
RoslynAnalysisRunner will not be running.
RoslynAnalysisRunner has terminated.
Mono: successfully reloaded assembly
- Completed reload, in  1.413 seconds
Platform modules already initialized, skipping
Refreshing native plugins compatible for Editor in 0.80 ms, found 1 plugins.
Preloading 0 native plugins for Editor in 0.00 ms.
Unloading 1792 Unused Serialized files (Serialized files now loaded: 0)
System memory in use before: 88.9 MB.
System memory in use after: 89.0 MB.

Unloading 7 unused Assets to reduce memory usage. Loaded Objects now: 2368.
Total: 2.588400 ms (FindLiveObjects: 0.286300 ms CreateObjectMapping: 0.140600 ms MarkObjects: 2.140400 ms  DeleteObjects: 0.019500 ms)

========================================================================
Received Prepare
Registering precompiled user dll's ...
Registered in 0.009357 seconds.
Begin MonoManager ReloadAssembly
Native extension for WindowsStandalone target not found
Refreshing native plugins compatible for Editor in 0.40 ms, found 1 plugins.
Preloading 0 native plugins for Editor in 0.00 ms.
Invoked RoslynAnalysisRunner static constructor.
RoslynAnalysisRunner will not be running.
RoslynAnalysisRunner has terminated.
Mono: successfully reloaded assembly
- Completed reload, in  1.521 seconds
Platform modules already initialized, skipping
Refreshing native plugins compatible for Editor in 0.41 ms, found 1 plugins.
Preloading 0 native plugins for Editor in 0.00 ms.
Unloading 1792 Unused Serialized files (Serialized files now loaded: 0)
System memory in use before: 88.9 MB.
System memory in use after: 89.0 MB.

Unloading 7 unused Assets to reduce memory usage. Loaded Objects now: 2371.
Total: 2.626300 ms (FindLiveObjects: 0.372500 ms CreateObjectMapping: 0.161900 ms MarkObjects: 2.072400 ms  DeleteObjects: 0.017800 ms)

========================================================================
Received Prepare
Registering precompiled user dll's ...
Registered in 0.007637 seconds.
Begin MonoManager ReloadAssembly
Native extension for WindowsStandalone target not found
Refreshing native plugins compatible for Editor in 0.45 ms, found 1 plugins.
Preloading 0 native plugins for Editor in 0.00 ms.
Invoked RoslynAnalysisRunner static constructor.
RoslynAnalysisRunner will not be running.
RoslynAnalysisRunner has terminated.
Mono: successfully reloaded assembly
- Completed reload, in  1.435 seconds
Platform modules already initialized, skipping
Refreshing native plugins compatible for Editor in 0.53 ms, found 1 plugins.
Preloading 0 native plugins for Editor in 0.00 ms.
Unloading 1792 Unused Serialized files (Serialized files now loaded: 0)
System memory in use before: 88.9 MB.
System memory in use after: 89.0 MB.

Unloading 7 unused Assets to reduce memory usage. Loaded Objects now: 2374.
Total: 7.598300 ms (FindLiveObjects: 0.394200 ms CreateObjectMapping: 2.808400 ms MarkObjects: 4.369700 ms  DeleteObjects: 0.024100 ms)

========================================================================
Received Prepare
Registering precompiled user dll's ...
Registered in 0.006047 seconds.
Begin MonoManager ReloadAssembly
Native extension for WindowsStandalone target not found
Refreshing native plugins compatible for Editor in 0.39 ms, found 1 plugins.
Preloading 0 native plugins for Editor in 0.00 ms.
Invoked RoslynAnalysisRunner static constructor.
RoslynAnalysisRunner will not be running.
RoslynAnalysisRunner has terminated.
Mono: successfully reloaded assembly
- Completed reload, in  1.416 seconds
Platform modules already initialized, skipping
Refreshing native plugins compatible for Editor in 0.41 ms, found 1 plugins.
Preloading 0 native plugins for Editor in 0.00 ms.
Unloading 1792 Unused Serialized files (Serialized files now loaded: 0)
System memory in use before: 88.9 MB.
System memory in use after: 89.0 MB.

Unloading 7 unused Assets to reduce memory usage. Loaded Objects now: 2377.
Total: 2.619100 ms (FindLiveObjects: 0.336200 ms CreateObjectMapping: 0.154500 ms MarkObjects: 2.110000 ms  DeleteObjects: 0.017100 ms)

========================================================================
Received Prepare
Registering precompiled user dll's ...
Registered in 0.007605 seconds.
Begin MonoManager ReloadAssembly
Native extension for WindowsStandalone target not found
Refreshing native plugins compatible for Editor in 0.39 ms, found 1 plugins.
Preloading 0 native plugins for Editor in 0.00 ms.
Invoked RoslynAnalysisRunner static constructor.
RoslynAnalysisRunner will not be running.
RoslynAnalysisRunner has terminated.
Mono: successfully reloaded assembly
- Completed reload, in  1.405 seconds
Platform modules already initialized, skipping
Refreshing native plugins compatible for Editor in 0.40 ms, found 1 plugins.
Preloading 0 native plugins for Editor in 0.00 ms.
Unloading 1792 Unused Serialized files (Serialized files now loaded: 0)
System memory in use before: 88.9 MB.
System memory in use after: 89.0 MB.

Unloading 7 unused Assets to reduce memory usage. Loaded Objects now: 2380.
Total: 3.441100 ms (FindLiveObjects: 0.397700 ms CreateObjectMapping: 0.190300 ms MarkObjects: 2.824300 ms  DeleteObjects: 0.026100 ms)

========================================================================
Received Prepare
Registering precompiled user dll's ...
Registered in 0.007879 seconds.
Begin MonoManager ReloadAssembly
Native extension for WindowsStandalone target not found
Refreshing native plugins compatible for Editor in 0.40 ms, found 1 plugins.
Preloading 0 native plugins for Editor in 0.00 ms.
Invoked RoslynAnalysisRunner static constructor.
RoslynAnalysisRunner will not be running.
RoslynAnalysisRunner has terminated.
Mono: successfully reloaded assembly
- Completed reload, in  1.442 seconds
Platform modules already initialized, skipping
Refreshing native plugins compatible for Editor in 0.40 ms, found 1 plugins.
Preloading 0 native plugins for Editor in 0.00 ms.
Unloading 1792 Unused Serialized files (Serialized files now loaded: 0)
System memory in use before: 88.9 MB.
System memory in use after: 89.1 MB.

Unloading 7 unused Assets to reduce memory usage. Loaded Objects now: 2383.
Total: 2.562400 ms (FindLiveObjects: 0.330700 ms CreateObjectMapping: 0.175000 ms MarkObjects: 2.038500 ms  DeleteObjects: 0.016700 ms)

========================================================================
Received Prepare
Registering precompiled user dll's ...
Registered in 0.010068 seconds.
Begin MonoManager ReloadAssembly
Native extension for WindowsStandalone target not found
Refreshing native plugins compatible for Editor in 0.40 ms, found 1 plugins.
Preloading 0 native plugins for Editor in 0.00 ms.
Invoked RoslynAnalysisRunner static constructor.
RoslynAnalysisRunner will not be running.
RoslynAnalysisRunner has terminated.
Mono: successfully reloaded assembly
- Completed reload, in  1.851 seconds
Platform modules already initialized, skipping
Refreshing native plugins compatible for Editor in 0.55 ms, found 1 plugins.
Preloading 0 native plugins for Editor in 0.00 ms.
Unloading 1792 Unused Serialized files (Serialized files now loaded: 0)
System memory in use before: 88.9 MB.
System memory in use after: 89.1 MB.

Unloading 7 unused Assets to reduce memory usage. Loaded Objects now: 2386.
Total: 4.399100 ms (FindLiveObjects: 0.251300 ms CreateObjectMapping: 0.084900 ms MarkObjects: 4.040300 ms  DeleteObjects: 0.020300 ms)

AssetImportWorkerClient::OnTransportError - code=2 error=End of file
