Using pre-set license
Built from '2020.2/release' branch; Version is '2020.2.4f1 (becced5a802b) revision 12504301'; Using compiler version '192528614'; Build Type 'Release'
OS: 'Windows 10 Pro; OS build 19041.804; Version 2004; 64bit' Language: 'fr' Physical Memory: 16333 MB
BatchMode: 1, IsHumanControllingUs: 0, StartBugReporterOnCrash: 0, Is64bit: 1, IsPro: 0

 COMMAND LINE ARGUMENTS:
C:\Program Files\Unity\Hub\Editor\2020.2.4f1\Editor\Unity.exe
-adb2
-batchMode
-noUpm
-name
AssetImportWorker0
-projectPath
C:/Users/Arnaud/Documents/GitHub/Battleship
-logFile
Logs/AssetImportWorker0.log
-srvPort
60018
Successfully changed project path to: C:/Users/Arnaud/Documents/GitHub/Battleship
C:/Users/Arnaud/Documents/GitHub/Battleship
Using Asset Import Pipeline V2.
Refreshing native plugins compatible for Editor in 52.11 ms, found 1 plugins.
Preloading 0 native plugins for Editor in 0.00 ms.
Initialize engine version: 2020.2.4f1 (becced5a802b)
[Subsystems] Discovering subsystems at path C:/Program Files/Unity/Hub/Editor/2020.2.4f1/Editor/Data/Resources/UnitySubsystems
[Subsystems] Discovering subsystems at path C:/Users/Arnaud/Documents/GitHub/Battleship/Assets
GfxDevice: creating device client; threaded=0
Direct3D:
    Version:  Direct3D 11.0 [level 11.1]
    Renderer: NVIDIA GeForce GTX 1660 Ti (ID=0x2182)
    Vendor:   
    VRAM:     5991 MB
    Driver:   27.21.14.5751
Initialize mono
Mono path[0] = 'C:/Program Files/Unity/Hub/Editor/2020.2.4f1/Editor/Data/Managed'
Mono path[1] = 'C:/Program Files/Unity/Hub/Editor/2020.2.4f1/Editor/Data/MonoBleedingEdge/lib/mono/unityjit'
Mono config path = 'C:/Program Files/Unity/Hub/Editor/2020.2.4f1/Editor/Data/MonoBleedingEdge/etc'
Using monoOptions --debugger-agent=transport=dt_socket,embedding=1,server=y,suspend=n,address=127.0.0.1:56536
Begin MonoManager ReloadAssembly
Registering precompiled unity dll's ...
Register platform support module: C:/Program Files/Unity/Hub/Editor/2020.2.4f1/Editor/Data/PlaybackEngines/WindowsStandaloneSupport/UnityEditor.WindowsStandalone.Extensions.dll
Registered in 0.011000 seconds.
Native extension for WindowsStandalone target not found
Refreshing native plugins compatible for Editor in 62.80 ms, found 1 plugins.
Preloading 0 native plugins for Editor in 0.00 ms.
Invoked RoslynAnalysisRunner static constructor.
RoslynAnalysisRunner will not be running.
RoslynAnalysisRunner has terminated.
Mono: successfully reloaded assembly
- Completed reload, in  2.494 seconds
Platform modules already initialized, skipping
Registering precompiled user dll's ...
Registered in 0.008136 seconds.
Begin MonoManager ReloadAssembly
Native extension for WindowsStandalone target not found
Refreshing native plugins compatible for Editor in 48.82 ms, found 1 plugins.
Preloading 0 native plugins for Editor in 0.00 ms.
Invoked RoslynAnalysisRunner static constructor.
RoslynAnalysisRunner will not be running.
RoslynAnalysisRunner has terminated.
Mono: successfully reloaded assembly
- Completed reload, in  1.514 seconds
Platform modules already initialized, skipping
========================================================================
Worker process is ready to serve import requests
Launched and connected shader compiler UnityShaderCompiler.exe after 0.08 seconds
Refreshing native plugins compatible for Editor in 0.42 ms, found 1 plugins.
Preloading 0 native plugins for Editor in 0.00 ms.
Unloading 1815 Unused Serialized files (Serialized files now loaded: 0)
System memory in use before: 86.3 MB.
System memory in use after: 86.4 MB.

Unloading 19 unused Assets to reduce memory usage. Loaded Objects now: 2263.
Total: 4.172600 ms (FindLiveObjects: 0.434300 ms CreateObjectMapping: 0.162900 ms MarkObjects: 3.474500 ms  DeleteObjects: 0.098300 ms)

========================================================================
Received Import Request.
  path: Assets/Prefabs/TileUI.prefab
  artifactKey: Guid(6ffec578cb36bfd4496ee6538fd19ed7) Importer(815301076,1909f56bfc062723c751e8b465ee728b)
Start importing Assets/Prefabs/TileUI.prefab using Guid(6ffec578cb36bfd4496ee6538fd19ed7) Importer(815301076,1909f56bfc062723c751e8b465ee728b)  -> (artifact id: '718d6604112874184e11a164e75e00a8') in 0.096824 seconds
  Import took 0.100489 seconds .

========================================================================
Received Import Request.
  Time since last request: 98.192634 seconds.
  path: Assets/Prefabs/TileUI.prefab
  artifactKey: Guid(6ffec578cb36bfd4496ee6538fd19ed7) Importer(815301076,1909f56bfc062723c751e8b465ee728b)
Start importing Assets/Prefabs/TileUI.prefab using Guid(6ffec578cb36bfd4496ee6538fd19ed7) Importer(815301076,1909f56bfc062723c751e8b465ee728b)  -> (artifact id: 'dcc3a220bb7391b46b4420958c3e6b07') in 0.010911 seconds
  Import took 0.015021 seconds .

========================================================================
Received Import Request.
  Time since last request: 0.008363 seconds.
  path: Assets/Prefabs/TileUI.prefab
  artifactKey: Guid(6ffec578cb36bfd4496ee6538fd19ed7) Importer(815301076,1909f56bfc062723c751e8b465ee728b)
Start importing Assets/Prefabs/TileUI.prefab using Guid(6ffec578cb36bfd4496ee6538fd19ed7) Importer(815301076,1909f56bfc062723c751e8b465ee728b)  -> (artifact id: 'dcc3a220bb7391b46b4420958c3e6b07') in 0.010546 seconds
  Import took 0.014568 seconds .

========================================================================
Received Import Request.
  Time since last request: 4.245344 seconds.
  path: Assets/Prefabs/TileUI.prefab
  artifactKey: Guid(6ffec578cb36bfd4496ee6538fd19ed7) Importer(815301076,1909f56bfc062723c751e8b465ee728b)
Start importing Assets/Prefabs/TileUI.prefab using Guid(6ffec578cb36bfd4496ee6538fd19ed7) Importer(815301076,1909f56bfc062723c751e8b465ee728b)  -> (artifact id: '0e5586691b1fe61a6dca112a9aa34680') in 0.011595 seconds
  Import took 0.017836 seconds .

========================================================================
Received Import Request.
  Time since last request: 2.549282 seconds.
  path: Assets/Prefabs/TileUI.prefab
  artifactKey: Guid(6ffec578cb36bfd4496ee6538fd19ed7) Importer(815301076,1909f56bfc062723c751e8b465ee728b)
Start importing Assets/Prefabs/TileUI.prefab using Guid(6ffec578cb36bfd4496ee6538fd19ed7) Importer(815301076,1909f56bfc062723c751e8b465ee728b)  -> (artifact id: 'ffd0edc7a83b445cc02158fa65bb89ee') in 0.015015 seconds
  Import took 0.019529 seconds .

========================================================================
Received Import Request.
  Time since last request: 13.102929 seconds.
  path: Assets/Prefabs/TileUI.prefab
  artifactKey: Guid(6ffec578cb36bfd4496ee6538fd19ed7) Importer(815301076,1909f56bfc062723c751e8b465ee728b)
Start importing Assets/Prefabs/TileUI.prefab using Guid(6ffec578cb36bfd4496ee6538fd19ed7) Importer(815301076,1909f56bfc062723c751e8b465ee728b)  -> (artifact id: 'bf7d5539db44df5ffef7433613a968d3') in 0.011821 seconds
  Import took 0.015911 seconds .

========================================================================
Received Import Request.
  Time since last request: 247.003283 seconds.
  path: Assets/Scripts/Tile.cs
  artifactKey: Guid(d641254a34b02f6469d9e2a7fe335b2f) Importer(815301076,1909f56bfc062723c751e8b465ee728b)
Start importing Assets/Scripts/Tile.cs using Guid(d641254a34b02f6469d9e2a7fe335b2f) Importer(815301076,1909f56bfc062723c751e8b465ee728b)  -> (artifact id: 'b9536c72ed26ffbd42b5d482105c3ff2') in 0.146259 seconds
  Import took 0.152083 seconds .

========================================================================
Received Import Request.
  Time since last request: 462.697208 seconds.
  path: Assets/Scripts/Tile.cs
  artifactKey: Guid(d641254a34b02f6469d9e2a7fe335b2f) Importer(815301076,1909f56bfc062723c751e8b465ee728b)
Start importing Assets/Scripts/Tile.cs using Guid(d641254a34b02f6469d9e2a7fe335b2f) Importer(815301076,1909f56bfc062723c751e8b465ee728b)  -> (artifact id: 'bcbbee9f000d845e134419bc77e8c7e5') in 0.038268 seconds
  Import took 0.049967 seconds .

========================================================================
Received Import Request.
  Time since last request: 0.264751 seconds.
  path: Assets/Scripts/Tile.cs
  artifactKey: Guid(d641254a34b02f6469d9e2a7fe335b2f) Importer(815301076,1909f56bfc062723c751e8b465ee728b)
Start importing Assets/Scripts/Tile.cs using Guid(d641254a34b02f6469d9e2a7fe335b2f) Importer(815301076,1909f56bfc062723c751e8b465ee728b)  -> (artifact id: 'bcbbee9f000d845e134419bc77e8c7e5') in 0.026857 seconds
  Import took 0.039458 seconds .

========================================================================
Received Prepare
Registering precompiled user dll's ...
Registered in 0.006963 seconds.
Begin MonoManager ReloadAssembly
Native extension for WindowsStandalone target not found
Refreshing native plugins compatible for Editor in 0.42 ms, found 1 plugins.
Preloading 0 native plugins for Editor in 0.00 ms.
Invoked RoslynAnalysisRunner static constructor.
RoslynAnalysisRunner will not be running.
RoslynAnalysisRunner has terminated.
Mono: successfully reloaded assembly
- Completed reload, in  1.556 seconds
Platform modules already initialized, skipping
Refreshing native plugins compatible for Editor in 0.41 ms, found 1 plugins.
Preloading 0 native plugins for Editor in 0.00 ms.
Unloading 1792 Unused Serialized files (Serialized files now loaded: 0)
System memory in use before: 84.9 MB.
System memory in use after: 85.0 MB.

Unloading 7 unused Assets to reduce memory usage. Loaded Objects now: 2266.
Total: 2.349300 ms (FindLiveObjects: 0.246600 ms CreateObjectMapping: 0.146500 ms MarkObjects: 1.937300 ms  DeleteObjects: 0.017400 ms)

========================================================================
Received Prepare
Registering precompiled user dll's ...
Registered in 0.007021 seconds.
Begin MonoManager ReloadAssembly
Native extension for WindowsStandalone target not found
Refreshing native plugins compatible for Editor in 0.39 ms, found 1 plugins.
Preloading 0 native plugins for Editor in 0.00 ms.
Invoked RoslynAnalysisRunner static constructor.
RoslynAnalysisRunner will not be running.
RoslynAnalysisRunner has terminated.
Mono: successfully reloaded assembly
- Completed reload, in  1.416 seconds
Platform modules already initialized, skipping
Refreshing native plugins compatible for Editor in 0.42 ms, found 1 plugins.
Preloading 0 native plugins for Editor in 0.00 ms.
Unloading 1792 Unused Serialized files (Serialized files now loaded: 0)
System memory in use before: 85.0 MB.
System memory in use after: 85.1 MB.

Unloading 7 unused Assets to reduce memory usage. Loaded Objects now: 2269.
Total: 2.696200 ms (FindLiveObjects: 0.309200 ms CreateObjectMapping: 0.227700 ms MarkObjects: 2.139700 ms  DeleteObjects: 0.017500 ms)

========================================================================
Received Import Request.
  Time since last request: 88.903513 seconds.
  path: Assets/Scripts/Tile.cs
  artifactKey: Guid(d641254a34b02f6469d9e2a7fe335b2f) Importer(815301076,1909f56bfc062723c751e8b465ee728b)
Start importing Assets/Scripts/Tile.cs using Guid(d641254a34b02f6469d9e2a7fe335b2f) Importer(815301076,1909f56bfc062723c751e8b465ee728b)  -> (artifact id: '68ccf877da90c9792a89003989e94e49') in 0.009826 seconds
  Import took 0.017407 seconds .

========================================================================
Received Import Request.
  Time since last request: 8.671980 seconds.
  path: Assets/Prefabs/AircraftCarrier.prefab
  artifactKey: Guid(084e488221aaf104c88e17c86a9cb593) Importer(815301076,1909f56bfc062723c751e8b465ee728b)
Start importing Assets/Prefabs/AircraftCarrier.prefab using Guid(084e488221aaf104c88e17c86a9cb593) Importer(815301076,1909f56bfc062723c751e8b465ee728b)  -> (artifact id: '0b084f4fa5c63afd493fa1c0a8bfe3dd') in 0.042359 seconds
  Import took 0.046831 seconds .

========================================================================
Received Import Request.
  Time since last request: 0.000296 seconds.
  path: ProjectSettings/TagManager.asset
  artifactKey: Guid(00000000000000003000000000000000) Importer(815301076,1909f56bfc062723c751e8b465ee728b)
Start importing ProjectSettings/TagManager.asset using Guid(00000000000000003000000000000000) Importer(815301076,1909f56bfc062723c751e8b465ee728b)  -> (artifact id: 'f08df6f90ad15ad57b7c93ef6d0cd984') in 0.011302 seconds
  Import took 0.015462 seconds .

========================================================================
Received Import Request.
  Time since last request: 10.779847 seconds.
  path: Assets/Prefabs/AircraftCarrier.prefab
  artifactKey: Guid(084e488221aaf104c88e17c86a9cb593) Importer(815301076,1909f56bfc062723c751e8b465ee728b)
Start importing Assets/Prefabs/AircraftCarrier.prefab using Guid(084e488221aaf104c88e17c86a9cb593) Importer(815301076,1909f56bfc062723c751e8b465ee728b)  -> (artifact id: '586d7e0f6a2c27d488970c31ce055704') in 0.016623 seconds
  Import took 0.023954 seconds .

========================================================================
Received Import Request.
  Time since last request: 2.852561 seconds.
  path: Assets/Prefabs/BattleShip.prefab
  artifactKey: Guid(609343669c846c34d8e4b32f12039b4e) Importer(815301076,1909f56bfc062723c751e8b465ee728b)
Start importing Assets/Prefabs/BattleShip.prefab using Guid(609343669c846c34d8e4b32f12039b4e) Importer(815301076,1909f56bfc062723c751e8b465ee728b)  -> (artifact id: '75f609d11472b2a87b08033be4235045') in 0.013998 seconds
  Import took 0.019033 seconds .

========================================================================
Received Import Request.
  Time since last request: 3.720489 seconds.
  path: Assets/Prefabs/Cruiser.prefab
  artifactKey: Guid(76555c69000d79b4382b9574a517b88c) Importer(815301076,1909f56bfc062723c751e8b465ee728b)
Start importing Assets/Prefabs/Cruiser.prefab using Guid(76555c69000d79b4382b9574a517b88c) Importer(815301076,1909f56bfc062723c751e8b465ee728b)  -> (artifact id: 'b5e8e7583d30eb659575fbba3903c873') in 0.012200 seconds
  Import took 0.016921 seconds .

========================================================================
Received Import Request.
  Time since last request: 14.981524 seconds.
  path: Assets/Prefabs/PatrolBoat.prefab
  artifactKey: Guid(c6545631589c6a2498e9d027e54b29d2) Importer(815301076,1909f56bfc062723c751e8b465ee728b)
Start importing Assets/Prefabs/PatrolBoat.prefab using Guid(c6545631589c6a2498e9d027e54b29d2) Importer(815301076,1909f56bfc062723c751e8b465ee728b)  -> (artifact id: '42f4955f025acdfdeef264d563fdfcd9') in 0.022924 seconds
  Import took 0.030580 seconds .

========================================================================
Received Import Request.
  Time since last request: 2.891038 seconds.
  path: Assets/Prefabs/Submarine.prefab
  artifactKey: Guid(7aefda4fd1375344a92e4e27cdcc2563) Importer(815301076,1909f56bfc062723c751e8b465ee728b)
Start importing Assets/Prefabs/Submarine.prefab using Guid(7aefda4fd1375344a92e4e27cdcc2563) Importer(815301076,1909f56bfc062723c751e8b465ee728b)  -> (artifact id: '1ec2aa12a8a69024fa3c9b0973a7968b') in 0.012368 seconds
  Import took 0.017902 seconds .

========================================================================
Received Prepare
Registering precompiled user dll's ...
Registered in 0.007592 seconds.
Begin MonoManager ReloadAssembly
Native extension for WindowsStandalone target not found
Refreshing native plugins compatible for Editor in 0.44 ms, found 1 plugins.
Preloading 0 native plugins for Editor in 0.00 ms.
Invoked RoslynAnalysisRunner static constructor.
RoslynAnalysisRunner will not be running.
RoslynAnalysisRunner has terminated.
Mono: successfully reloaded assembly
- Completed reload, in  1.411 seconds
Platform modules already initialized, skipping
Refreshing native plugins compatible for Editor in 0.43 ms, found 1 plugins.
Preloading 0 native plugins for Editor in 0.00 ms.
Unloading 1792 Unused Serialized files (Serialized files now loaded: 0)
System memory in use before: 85.0 MB.
System memory in use after: 85.1 MB.

Unloading 8 unused Assets to reduce memory usage. Loaded Objects now: 2272.
Total: 2.232800 ms (FindLiveObjects: 0.266600 ms CreateObjectMapping: 0.146100 ms MarkObjects: 1.800400 ms  DeleteObjects: 0.018100 ms)

========================================================================
Received Prepare
Registering precompiled user dll's ...
Registered in 0.007692 seconds.
Begin MonoManager ReloadAssembly
Native extension for WindowsStandalone target not found
Refreshing native plugins compatible for Editor in 0.38 ms, found 1 plugins.
Preloading 0 native plugins for Editor in 0.00 ms.
Invoked RoslynAnalysisRunner static constructor.
RoslynAnalysisRunner will not be running.
RoslynAnalysisRunner has terminated.
Mono: successfully reloaded assembly
- Completed reload, in  1.460 seconds
Platform modules already initialized, skipping
Script error: OnTriggerExit2D
This message parameter has to be of type: Collider2D
The message will be ignored.

Script error: OnTriggerStay2D
This message parameter has to be of type: Collider2D
The message will be ignored.

Refreshing native plugins compatible for Editor in 0.43 ms, found 1 plugins.
Preloading 0 native plugins for Editor in 0.00 ms.
Unloading 1792 Unused Serialized files (Serialized files now loaded: 0)
System memory in use before: 85.1 MB.
System memory in use after: 85.2 MB.

Unloading 7 unused Assets to reduce memory usage. Loaded Objects now: 2275.
Total: 2.281700 ms (FindLiveObjects: 0.232400 ms CreateObjectMapping: 0.138600 ms MarkObjects: 1.893500 ms  DeleteObjects: 0.016000 ms)

========================================================================
Received Import Request.
  Time since last request: 239.290390 seconds.
  path: Assets/Prefabs/TileUI.prefab
  artifactKey: Guid(6ffec578cb36bfd4496ee6538fd19ed7) Importer(815301076,1909f56bfc062723c751e8b465ee728b)
Start importing Assets/Prefabs/TileUI.prefab using Guid(6ffec578cb36bfd4496ee6538fd19ed7) Importer(815301076,1909f56bfc062723c751e8b465ee728b)  -> (artifact id: '70fde8912ce15a6a363d5924d93fd65a') in 0.051033 seconds
  Import took 0.055642 seconds .

========================================================================
Received Import Request.
  Time since last request: 9.927781 seconds.
  path: Assets/Prefabs/TileUI.prefab
  artifactKey: Guid(6ffec578cb36bfd4496ee6538fd19ed7) Importer(815301076,1909f56bfc062723c751e8b465ee728b)
Start importing Assets/Prefabs/TileUI.prefab using Guid(6ffec578cb36bfd4496ee6538fd19ed7) Importer(815301076,1909f56bfc062723c751e8b465ee728b)  -> (artifact id: 'bf8f1107f54f0e016eea313e2cf2e9de') in 0.014783 seconds
  Import took 0.019805 seconds .

========================================================================
Received Prepare
Registering precompiled user dll's ...
Registered in 0.009254 seconds.
Begin MonoManager ReloadAssembly
Native extension for WindowsStandalone target not found
Refreshing native plugins compatible for Editor in 0.44 ms, found 1 plugins.
Preloading 0 native plugins for Editor in 0.00 ms.
Invoked RoslynAnalysisRunner static constructor.
RoslynAnalysisRunner will not be running.
RoslynAnalysisRunner has terminated.
Mono: successfully reloaded assembly
- Completed reload, in  1.442 seconds
Platform modules already initialized, skipping
Refreshing native plugins compatible for Editor in 0.40 ms, found 1 plugins.
Preloading 0 native plugins for Editor in 0.00 ms.
Unloading 1792 Unused Serialized files (Serialized files now loaded: 0)
System memory in use before: 85.1 MB.
System memory in use after: 85.3 MB.

Unloading 7 unused Assets to reduce memory usage. Loaded Objects now: 2278.
Total: 2.334500 ms (FindLiveObjects: 0.234300 ms CreateObjectMapping: 0.134600 ms MarkObjects: 1.948300 ms  DeleteObjects: 0.015900 ms)

========================================================================
Received Prepare
Registering precompiled user dll's ...
Registered in 0.007629 seconds.
Begin MonoManager ReloadAssembly
Native extension for WindowsStandalone target not found
Refreshing native plugins compatible for Editor in 0.43 ms, found 1 plugins.
Preloading 0 native plugins for Editor in 0.00 ms.
Invoked RoslynAnalysisRunner static constructor.
RoslynAnalysisRunner will not be running.
RoslynAnalysisRunner has terminated.
Mono: successfully reloaded assembly
- Completed reload, in  1.542 seconds
Platform modules already initialized, skipping
Refreshing native plugins compatible for Editor in 0.44 ms, found 1 plugins.
Preloading 0 native plugins for Editor in 0.00 ms.
Unloading 1792 Unused Serialized files (Serialized files now loaded: 0)
System memory in use before: 85.2 MB.
System memory in use after: 85.3 MB.

Unloading 7 unused Assets to reduce memory usage. Loaded Objects now: 2281.
Total: 2.590000 ms (FindLiveObjects: 0.272000 ms CreateObjectMapping: 0.164200 ms MarkObjects: 2.136400 ms  DeleteObjects: 0.015900 ms)

========================================================================
Received Import Request.
  Time since last request: 95.808162 seconds.
  path: Assets/Prefabs/AircraftCarrier.prefab
  artifactKey: Guid(084e488221aaf104c88e17c86a9cb593) Importer(815301076,1909f56bfc062723c751e8b465ee728b)
Start importing Assets/Prefabs/AircraftCarrier.prefab using Guid(084e488221aaf104c88e17c86a9cb593) Importer(815301076,1909f56bfc062723c751e8b465ee728b)  -> (artifact id: '68aa5602257261eabc7089884d1e4933') in 0.046759 seconds
  Import took 0.050615 seconds .

========================================================================
Received Import Request.
  Time since last request: 0.299974 seconds.
  path: Assets/Prefabs/Submarine.prefab
  artifactKey: Guid(7aefda4fd1375344a92e4e27cdcc2563) Importer(815301076,1909f56bfc062723c751e8b465ee728b)
Start importing Assets/Prefabs/Submarine.prefab using Guid(7aefda4fd1375344a92e4e27cdcc2563) Importer(815301076,1909f56bfc062723c751e8b465ee728b)  -> (artifact id: '128271752c5dcbfa8ee78342a9c3f60f') in 0.012825 seconds
  Import took 0.019629 seconds .

========================================================================
Received Import Request.
  Time since last request: 0.007402 seconds.
  path: Assets/Prefabs/Submarine.prefab
  artifactKey: Guid(7aefda4fd1375344a92e4e27cdcc2563) Importer(815301076,1909f56bfc062723c751e8b465ee728b)
Start importing Assets/Prefabs/Submarine.prefab using Guid(7aefda4fd1375344a92e4e27cdcc2563) Importer(815301076,1909f56bfc062723c751e8b465ee728b)  -> (artifact id: '128271752c5dcbfa8ee78342a9c3f60f') in 0.010707 seconds
  Import took 0.014383 seconds .

========================================================================
Received Import Request.
  Time since last request: 1.497299 seconds.
  path: Assets/Prefabs/PatrolBoat.prefab
  artifactKey: Guid(c6545631589c6a2498e9d027e54b29d2) Importer(815301076,1909f56bfc062723c751e8b465ee728b)
Start importing Assets/Prefabs/PatrolBoat.prefab using Guid(c6545631589c6a2498e9d027e54b29d2) Importer(815301076,1909f56bfc062723c751e8b465ee728b)  -> (artifact id: '90de53374b75a3488b98dcea938bf11e') in 0.011438 seconds
  Import took 0.016361 seconds .

========================================================================
Received Import Request.
  Time since last request: 0.006931 seconds.
  path: Assets/Prefabs/PatrolBoat.prefab
  artifactKey: Guid(c6545631589c6a2498e9d027e54b29d2) Importer(815301076,1909f56bfc062723c751e8b465ee728b)
Start importing Assets/Prefabs/PatrolBoat.prefab using Guid(c6545631589c6a2498e9d027e54b29d2) Importer(815301076,1909f56bfc062723c751e8b465ee728b)  -> (artifact id: '90de53374b75a3488b98dcea938bf11e') in 0.011205 seconds
  Import took 0.015026 seconds .

========================================================================
Received Import Request.
  Time since last request: 1.698171 seconds.
  path: Assets/Prefabs/Cruiser.prefab
  artifactKey: Guid(76555c69000d79b4382b9574a517b88c) Importer(815301076,1909f56bfc062723c751e8b465ee728b)
Start importing Assets/Prefabs/Cruiser.prefab using Guid(76555c69000d79b4382b9574a517b88c) Importer(815301076,1909f56bfc062723c751e8b465ee728b)  -> (artifact id: 'cad776ece75f40dbdd0efd159b110fbe') in 0.012960 seconds
  Import took 0.017413 seconds .

========================================================================
Received Import Request.
  Time since last request: 0.007247 seconds.
  path: Assets/Prefabs/Cruiser.prefab
  artifactKey: Guid(76555c69000d79b4382b9574a517b88c) Importer(815301076,1909f56bfc062723c751e8b465ee728b)
Start importing Assets/Prefabs/Cruiser.prefab using Guid(76555c69000d79b4382b9574a517b88c) Importer(815301076,1909f56bfc062723c751e8b465ee728b)  -> (artifact id: 'cad776ece75f40dbdd0efd159b110fbe') in 0.010254 seconds
  Import took 0.014707 seconds .

========================================================================
Received Import Request.
  Time since last request: 1.805200 seconds.
  path: Assets/Prefabs/BattleShip.prefab
  artifactKey: Guid(609343669c846c34d8e4b32f12039b4e) Importer(815301076,1909f56bfc062723c751e8b465ee728b)
Start importing Assets/Prefabs/BattleShip.prefab using Guid(609343669c846c34d8e4b32f12039b4e) Importer(815301076,1909f56bfc062723c751e8b465ee728b)  -> (artifact id: '910a901fed7e7fe6929e8a7f06b46ff3') in 0.013823 seconds
  Import took 0.017844 seconds .

========================================================================
Received Import Request.
  Time since last request: 0.014553 seconds.
  path: Assets/Prefabs/BattleShip.prefab
  artifactKey: Guid(609343669c846c34d8e4b32f12039b4e) Importer(815301076,1909f56bfc062723c751e8b465ee728b)
Start importing Assets/Prefabs/BattleShip.prefab using Guid(609343669c846c34d8e4b32f12039b4e) Importer(815301076,1909f56bfc062723c751e8b465ee728b)  -> (artifact id: '910a901fed7e7fe6929e8a7f06b46ff3') in 0.010580 seconds
  Import took 0.014638 seconds .

========================================================================
Received Import Request.
  Time since last request: 5.323218 seconds.
  path: Assets/Prefabs/AircraftCarrier.prefab
  artifactKey: Guid(084e488221aaf104c88e17c86a9cb593) Importer(815301076,1909f56bfc062723c751e8b465ee728b)
Start importing Assets/Prefabs/AircraftCarrier.prefab using Guid(084e488221aaf104c88e17c86a9cb593) Importer(815301076,1909f56bfc062723c751e8b465ee728b)  -> (artifact id: 'c8daa09a1eb48c1ffdc749638ecb9f22') in 0.009947 seconds
  Import took 0.014056 seconds .

========================================================================
Received Import Request.
  Time since last request: 4.997018 seconds.
  path: Assets/Prefabs/AircraftCarrier.prefab
  artifactKey: Guid(084e488221aaf104c88e17c86a9cb593) Importer(815301076,1909f56bfc062723c751e8b465ee728b)
Start importing Assets/Prefabs/AircraftCarrier.prefab using Guid(084e488221aaf104c88e17c86a9cb593) Importer(815301076,1909f56bfc062723c751e8b465ee728b)  -> (artifact id: '479f98719d330ce63cdd58355d0d4c09') in 0.009955 seconds
  Import took 0.027433 seconds .

========================================================================
Received Import Request.
  Time since last request: 5.842795 seconds.
  path: Assets/Prefabs/AircraftCarrier.prefab
  artifactKey: Guid(084e488221aaf104c88e17c86a9cb593) Importer(815301076,1909f56bfc062723c751e8b465ee728b)
Start importing Assets/Prefabs/AircraftCarrier.prefab using Guid(084e488221aaf104c88e17c86a9cb593) Importer(815301076,1909f56bfc062723c751e8b465ee728b)  -> (artifact id: '8a9b2ff4001655eaed36a7fb51b1de5d') in 0.022062 seconds
  Import took 0.047584 seconds .

========================================================================
Received Import Request.
  Time since last request: 0.004066 seconds.
  path: Assets/Prefabs/AircraftCarrier.prefab
  artifactKey: Guid(084e488221aaf104c88e17c86a9cb593) Importer(815301076,1909f56bfc062723c751e8b465ee728b)
Start importing Assets/Prefabs/AircraftCarrier.prefab using Guid(084e488221aaf104c88e17c86a9cb593) Importer(815301076,1909f56bfc062723c751e8b465ee728b)  -> (artifact id: '8a9b2ff4001655eaed36a7fb51b1de5d') in 0.020863 seconds
  Import took 0.028183 seconds .

========================================================================
Received Import Request.
  Time since last request: 6.992542 seconds.
  path: Assets/Prefabs/AircraftCarrier.prefab
  artifactKey: Guid(084e488221aaf104c88e17c86a9cb593) Importer(815301076,1909f56bfc062723c751e8b465ee728b)
Start importing Assets/Prefabs/AircraftCarrier.prefab using Guid(084e488221aaf104c88e17c86a9cb593) Importer(815301076,1909f56bfc062723c751e8b465ee728b)  -> (artifact id: 'd40387fc2e2f31ca1c8be7fcd8068b99') in 0.012892 seconds
  Import took 0.017591 seconds .

========================================================================
Received Import Request.
  Time since last request: 11.337900 seconds.
  path: Assets/Prefabs/BattleShip.prefab
  artifactKey: Guid(609343669c846c34d8e4b32f12039b4e) Importer(815301076,1909f56bfc062723c751e8b465ee728b)
Start importing Assets/Prefabs/BattleShip.prefab using Guid(609343669c846c34d8e4b32f12039b4e) Importer(815301076,1909f56bfc062723c751e8b465ee728b)  -> (artifact id: '5e84ae24ea917abf3a4fc1bdaf00d00f') in 0.010019 seconds
  Import took 0.014750 seconds .

========================================================================
Received Import Request.
  Time since last request: 8.460236 seconds.
  path: Assets/Prefabs/BattleShip.prefab
  artifactKey: Guid(609343669c846c34d8e4b32f12039b4e) Importer(815301076,1909f56bfc062723c751e8b465ee728b)
Start importing Assets/Prefabs/BattleShip.prefab using Guid(609343669c846c34d8e4b32f12039b4e) Importer(815301076,1909f56bfc062723c751e8b465ee728b)  -> (artifact id: '7f730af44177fa1ad4e20821e517a852') in 0.011225 seconds
  Import took 0.016293 seconds .

========================================================================
Received Import Request.
  Time since last request: 1.971698 seconds.
  path: Assets/Prefabs/BattleShip.prefab
  artifactKey: Guid(609343669c846c34d8e4b32f12039b4e) Importer(815301076,1909f56bfc062723c751e8b465ee728b)
Start importing Assets/Prefabs/BattleShip.prefab using Guid(609343669c846c34d8e4b32f12039b4e) Importer(815301076,1909f56bfc062723c751e8b465ee728b)  -> (artifact id: '4d9d2db999ad43828bd7b94a56c35c0f') in 0.011389 seconds
  Import took 0.016768 seconds .

========================================================================
Received Import Request.
  Time since last request: 0.002988 seconds.
  path: Assets/Prefabs/BattleShip.prefab
  artifactKey: Guid(609343669c846c34d8e4b32f12039b4e) Importer(815301076,1909f56bfc062723c751e8b465ee728b)
Start importing Assets/Prefabs/BattleShip.prefab using Guid(609343669c846c34d8e4b32f12039b4e) Importer(815301076,1909f56bfc062723c751e8b465ee728b)  -> (artifact id: '4d9d2db999ad43828bd7b94a56c35c0f') in 0.009759 seconds
  Import took 0.013271 seconds .

========================================================================
Received Import Request.
  Time since last request: 18.403099 seconds.
  path: Assets/Prefabs/AircraftCarrier.prefab
  artifactKey: Guid(084e488221aaf104c88e17c86a9cb593) Importer(815301076,1909f56bfc062723c751e8b465ee728b)
Start importing Assets/Prefabs/AircraftCarrier.prefab using Guid(084e488221aaf104c88e17c86a9cb593) Importer(815301076,1909f56bfc062723c751e8b465ee728b)  -> (artifact id: '5e5f53b203aa7b82be7bf89e62343d5e') in 0.012476 seconds
  Import took 0.016913 seconds .

========================================================================
Received Import Request.
  Time since last request: 13.621356 seconds.
  path: Assets/Prefabs/AircraftCarrier.prefab
  artifactKey: Guid(084e488221aaf104c88e17c86a9cb593) Importer(815301076,1909f56bfc062723c751e8b465ee728b)
Start importing Assets/Prefabs/AircraftCarrier.prefab using Guid(084e488221aaf104c88e17c86a9cb593) Importer(815301076,1909f56bfc062723c751e8b465ee728b)  -> (artifact id: 'e239c7202b803dc662550689b759bc15') in 0.012349 seconds
  Import took 0.023488 seconds .

========================================================================
Received Import Request.
  Time since last request: 207.553014 seconds.
  path: Assets/Prefabs/AircraftCarrier.prefab
  artifactKey: Guid(084e488221aaf104c88e17c86a9cb593) Importer(815301076,1909f56bfc062723c751e8b465ee728b)
Start importing Assets/Prefabs/AircraftCarrier.prefab using Guid(084e488221aaf104c88e17c86a9cb593) Importer(815301076,1909f56bfc062723c751e8b465ee728b)  -> (artifact id: '330c2745b5d6e24308697b49a75020db') in 0.016590 seconds
  Import took 0.024459 seconds .

========================================================================
Received Import Request.
  Time since last request: 0.006025 seconds.
  path: Assets/Prefabs/AircraftCarrier.prefab
  artifactKey: Guid(084e488221aaf104c88e17c86a9cb593) Importer(815301076,1909f56bfc062723c751e8b465ee728b)
Start importing Assets/Prefabs/AircraftCarrier.prefab using Guid(084e488221aaf104c88e17c86a9cb593) Importer(815301076,1909f56bfc062723c751e8b465ee728b)  -> (artifact id: '330c2745b5d6e24308697b49a75020db') in 0.011038 seconds
  Import took 0.015359 seconds .

========================================================================
Received Import Request.
  Time since last request: 1.423947 seconds.
  path: Assets/Prefabs/Submarine.prefab
  artifactKey: Guid(7aefda4fd1375344a92e4e27cdcc2563) Importer(815301076,1909f56bfc062723c751e8b465ee728b)
Start importing Assets/Prefabs/Submarine.prefab using Guid(7aefda4fd1375344a92e4e27cdcc2563) Importer(815301076,1909f56bfc062723c751e8b465ee728b)  -> (artifact id: 'ed58ada6534055d17dd75779978823fa') in 0.026375 seconds
  Import took 0.042028 seconds .

========================================================================
Received Import Request.
  Time since last request: 1.651802 seconds.
  path: Assets/Prefabs/PatrolBoat.prefab
  artifactKey: Guid(c6545631589c6a2498e9d027e54b29d2) Importer(815301076,1909f56bfc062723c751e8b465ee728b)
Start importing Assets/Prefabs/PatrolBoat.prefab using Guid(c6545631589c6a2498e9d027e54b29d2) Importer(815301076,1909f56bfc062723c751e8b465ee728b)  -> (artifact id: 'bc3149894041802d31efa16a46f99907') in 0.014183 seconds
  Import took 0.019363 seconds .

========================================================================
Received Import Request.
  Time since last request: 0.005211 seconds.
  path: Assets/Prefabs/PatrolBoat.prefab
  artifactKey: Guid(c6545631589c6a2498e9d027e54b29d2) Importer(815301076,1909f56bfc062723c751e8b465ee728b)
Start importing Assets/Prefabs/PatrolBoat.prefab using Guid(c6545631589c6a2498e9d027e54b29d2) Importer(815301076,1909f56bfc062723c751e8b465ee728b)  -> (artifact id: 'bc3149894041802d31efa16a46f99907') in 0.010082 seconds
  Import took 0.014271 seconds .

========================================================================
Received Import Request.
  Time since last request: 1.440494 seconds.
  path: Assets/Prefabs/Cruiser.prefab
  artifactKey: Guid(76555c69000d79b4382b9574a517b88c) Importer(815301076,1909f56bfc062723c751e8b465ee728b)
Start importing Assets/Prefabs/Cruiser.prefab using Guid(76555c69000d79b4382b9574a517b88c) Importer(815301076,1909f56bfc062723c751e8b465ee728b)  -> (artifact id: 'f6336920eb9f0a5c65ede726e25d5a6f') in 0.023500 seconds
  Import took 0.030191 seconds .

========================================================================
Received Import Request.
  Time since last request: 1.749685 seconds.
  path: Assets/Prefabs/BattleShip.prefab
  artifactKey: Guid(609343669c846c34d8e4b32f12039b4e) Importer(815301076,1909f56bfc062723c751e8b465ee728b)
Start importing Assets/Prefabs/BattleShip.prefab using Guid(609343669c846c34d8e4b32f12039b4e) Importer(815301076,1909f56bfc062723c751e8b465ee728b)  -> (artifact id: '4fa19638d4d251ac9df16ed4576d1268') in 0.015651 seconds
  Import took 0.019469 seconds .

========================================================================
Received Import Request.
  Time since last request: 0.004387 seconds.
  path: Assets/Prefabs/BattleShip.prefab
  artifactKey: Guid(609343669c846c34d8e4b32f12039b4e) Importer(815301076,1909f56bfc062723c751e8b465ee728b)
Start importing Assets/Prefabs/BattleShip.prefab using Guid(609343669c846c34d8e4b32f12039b4e) Importer(815301076,1909f56bfc062723c751e8b465ee728b)  -> (artifact id: '4fa19638d4d251ac9df16ed4576d1268') in 0.010949 seconds
  Import took 0.015152 seconds .

========================================================================
Received Prepare
Registering precompiled user dll's ...
Registered in 0.006472 seconds.
Begin MonoManager ReloadAssembly
Native extension for WindowsStandalone target not found
Refreshing native plugins compatible for Editor in 0.44 ms, found 1 plugins.
Preloading 0 native plugins for Editor in 0.00 ms.
Invoked RoslynAnalysisRunner static constructor.
RoslynAnalysisRunner will not be running.
RoslynAnalysisRunner has terminated.
Mono: successfully reloaded assembly
- Completed reload, in  1.640 seconds
Platform modules already initialized, skipping
Refreshing native plugins compatible for Editor in 0.44 ms, found 1 plugins.
Preloading 0 native plugins for Editor in 0.00 ms.
Unloading 1792 Unused Serialized files (Serialized files now loaded: 0)
System memory in use before: 85.2 MB.
System memory in use after: 85.3 MB.

Unloading 7 unused Assets to reduce memory usage. Loaded Objects now: 2284.
Total: 2.768900 ms (FindLiveObjects: 0.238200 ms CreateObjectMapping: 0.295500 ms MarkObjects: 2.215200 ms  DeleteObjects: 0.018400 ms)

========================================================================
Received Prepare
Registering precompiled user dll's ...
Registered in 0.008147 seconds.
Begin MonoManager ReloadAssembly
Native extension for WindowsStandalone target not found
Refreshing native plugins compatible for Editor in 0.38 ms, found 1 plugins.
Preloading 0 native plugins for Editor in 0.00 ms.
Invoked RoslynAnalysisRunner static constructor.
RoslynAnalysisRunner will not be running.
RoslynAnalysisRunner has terminated.
Mono: successfully reloaded assembly
- Completed reload, in  1.476 seconds
Platform modules already initialized, skipping
Refreshing native plugins compatible for Editor in 0.41 ms, found 1 plugins.
Preloading 0 native plugins for Editor in 0.00 ms.
Unloading 1792 Unused Serialized files (Serialized files now loaded: 0)
System memory in use before: 85.2 MB.
System memory in use after: 85.3 MB.

Unloading 7 unused Assets to reduce memory usage. Loaded Objects now: 2287.
Total: 2.622300 ms (FindLiveObjects: 0.291500 ms CreateObjectMapping: 0.181800 ms MarkObjects: 2.130000 ms  DeleteObjects: 0.017800 ms)

========================================================================
Received Prepare
Registering precompiled user dll's ...
Registered in 0.008545 seconds.
Begin MonoManager ReloadAssembly
Native extension for WindowsStandalone target not found
Refreshing native plugins compatible for Editor in 0.41 ms, found 1 plugins.
Preloading 0 native plugins for Editor in 0.00 ms.
Invoked RoslynAnalysisRunner static constructor.
RoslynAnalysisRunner will not be running.
RoslynAnalysisRunner has terminated.
Mono: successfully reloaded assembly
- Completed reload, in  1.702 seconds
Platform modules already initialized, skipping
Refreshing native plugins compatible for Editor in 0.41 ms, found 1 plugins.
Preloading 0 native plugins for Editor in 0.00 ms.
Unloading 1792 Unused Serialized files (Serialized files now loaded: 0)
System memory in use before: 85.2 MB.
System memory in use after: 85.3 MB.

Unloading 7 unused Assets to reduce memory usage. Loaded Objects now: 2290.
Total: 2.535700 ms (FindLiveObjects: 0.234600 ms CreateObjectMapping: 0.138600 ms MarkObjects: 2.142700 ms  DeleteObjects: 0.017900 ms)

========================================================================
Received Prepare
Registering precompiled user dll's ...
Registered in 0.008344 seconds.
Begin MonoManager ReloadAssembly
Native extension for WindowsStandalone target not found
Refreshing native plugins compatible for Editor in 0.54 ms, found 1 plugins.
Preloading 0 native plugins for Editor in 0.00 ms.
Invoked RoslynAnalysisRunner static constructor.
RoslynAnalysisRunner will not be running.
RoslynAnalysisRunner has terminated.
Mono: successfully reloaded assembly
- Completed reload, in  1.468 seconds
Platform modules already initialized, skipping
Refreshing native plugins compatible for Editor in 0.40 ms, found 1 plugins.
Preloading 0 native plugins for Editor in 0.00 ms.
Unloading 1792 Unused Serialized files (Serialized files now loaded: 0)
System memory in use before: 85.2 MB.
System memory in use after: 85.3 MB.

Unloading 7 unused Assets to reduce memory usage. Loaded Objects now: 2293.
Total: 2.644200 ms (FindLiveObjects: 0.331900 ms CreateObjectMapping: 0.197300 ms MarkObjects: 2.095400 ms  DeleteObjects: 0.017900 ms)

AssetImportWorkerClient::OnTransportError - code=2 error=End of file
